{"C:\\Users\\NIkITHA\\Downloads\\tour-planner-complete-fixed_1\\tour-planner-complete-fixed\\backend\\controllers\\authcontroller.js": {"path":"C:\\Users\\NIkITHA\\Downloads\\tour-planner-complete-fixed_1\\tour-planner-complete-fixed\\backend\\controllers\\authcontroller.js","statementMap":{"0":{"start":{"line":1,"column":11},"end":{"line":1,"column":34}},"1":{"start":{"line":2,"column":15},"end":{"line":2,"column":34}},"2":{"start":{"line":3,"column":12},"end":{"line":3,"column":35}},"3":{"start":{"line":5,"column":21},"end":{"line":26,"column":1}},"4":{"start":{"line":6,"column":51},"end":{"line":6,"column":59}},"5":{"start":{"line":7,"column":4},"end":{"line":8,"column":90}},"6":{"start":{"line":8,"column":8},"end":{"line":8,"column":90}},"7":{"start":{"line":11,"column":25},"end":{"line":11,"column":60}},"8":{"start":{"line":13,"column":4},"end":{"line":25,"column":7}},"9":{"start":{"line":14,"column":8},"end":{"line":14,"column":88}},"10":{"start":{"line":14,"column":17},"end":{"line":14,"column":88}},"11":{"start":{"line":15,"column":8},"end":{"line":15,"column":96}},"12":{"start":{"line":15,"column":31},"end":{"line":15,"column":96}},"13":{"start":{"line":17,"column":31},"end":{"line":17,"column":62}},"14":{"start":{"line":18,"column":8},"end":{"line":24,"column":10}},"15":{"start":{"line":21,"column":16},"end":{"line":21,"column":104}},"16":{"start":{"line":21,"column":25},"end":{"line":21,"column":104}},"17":{"start":{"line":22,"column":16},"end":{"line":22,"column":105}},"18":{"start":{"line":28,"column":18},"end":{"line":48,"column":1}},"19":{"start":{"line":29,"column":32},"end":{"line":29,"column":40}},"20":{"start":{"line":30,"column":4},"end":{"line":31,"column":84}},"21":{"start":{"line":31,"column":8},"end":{"line":31,"column":84}},"22":{"start":{"line":33,"column":4},"end":{"line":47,"column":7}},"23":{"start":{"line":34,"column":8},"end":{"line":34,"column":88}},"24":{"start":{"line":34,"column":17},"end":{"line":34,"column":88}},"25":{"start":{"line":35,"column":8},"end":{"line":35,"column":92}},"26":{"start":{"line":35,"column":33},"end":{"line":35,"column":92}},"27":{"start":{"line":37,"column":21},"end":{"line":37,"column":30}},"28":{"start":{"line":38,"column":24},"end":{"line":38,"column":69}},"29":{"start":{"line":39,"column":8},"end":{"line":39,"column":83}},"30":{"start":{"line":39,"column":22},"end":{"line":39,"column":83}},"31":{"start":{"line":41,"column":22},"end":{"line":41,"column":109}},"32":{"start":{"line":42,"column":8},"end":{"line":46,"column":11}},"33":{"start":{"line":51,"column":22},"end":{"line":63,"column":1}},"34":{"start":{"line":52,"column":19},"end":{"line":52,"column":30}},"35":{"start":{"line":53,"column":28},"end":{"line":53,"column":36}},"36":{"start":{"line":54,"column":4},"end":{"line":54,"column":76}},"37":{"start":{"line":54,"column":15},"end":{"line":54,"column":76}},"38":{"start":{"line":56,"column":4},"end":{"line":62,"column":7}},"39":{"start":{"line":57,"column":8},"end":{"line":57,"column":96}},"40":{"start":{"line":57,"column":17},"end":{"line":57,"column":96}},"41":{"start":{"line":58,"column":8},"end":{"line":61,"column":11}},"42":{"start":{"line":59,"column":12},"end":{"line":59,"column":93}},"43":{"start":{"line":59,"column":21},"end":{"line":59,"column":93}},"44":{"start":{"line":60,"column":12},"end":{"line":60,"column":93}},"45":{"start":{"line":66,"column":23},"end":{"line":83,"column":1}},"46":{"start":{"line":67,"column":19},"end":{"line":67,"column":30}},"47":{"start":{"line":68,"column":45},"end":{"line":68,"column":53}},"48":{"start":{"line":69,"column":4},"end":{"line":70,"column":90}},"49":{"start":{"line":70,"column":8},"end":{"line":70,"column":90}},"50":{"start":{"line":72,"column":4},"end":{"line":82,"column":7}},"51":{"start":{"line":73,"column":8},"end":{"line":73,"column":76}},"52":{"start":{"line":73,"column":17},"end":{"line":73,"column":76}},"53":{"start":{"line":74,"column":24},"end":{"line":74,"column":79}},"54":{"start":{"line":75,"column":8},"end":{"line":75,"column":96}},"55":{"start":{"line":75,"column":22},"end":{"line":75,"column":96}},"56":{"start":{"line":77,"column":23},"end":{"line":77,"column":57}},"57":{"start":{"line":78,"column":8},"end":{"line":81,"column":11}},"58":{"start":{"line":79,"column":12},"end":{"line":79,"column":89}},"59":{"start":{"line":79,"column":21},"end":{"line":79,"column":89}},"60":{"start":{"line":80,"column":12},"end":{"line":80,"column":79}},"61":{"start":{"line":86,"column":20},"end":{"line":91,"column":1}},"62":{"start":{"line":87,"column":4},"end":{"line":90,"column":7}},"63":{"start":{"line":88,"column":8},"end":{"line":88,"column":94}},"64":{"start":{"line":88,"column":17},"end":{"line":88,"column":94}},"65":{"start":{"line":89,"column":8},"end":{"line":89,"column":35}},"66":{"start":{"line":94,"column":20},"end":{"line":105,"column":1}},"67":{"start":{"line":95,"column":18},"end":{"line":100,"column":5}},"68":{"start":{"line":101,"column":4},"end":{"line":104,"column":7}},"69":{"start":{"line":102,"column":8},"end":{"line":102,"column":94}},"70":{"start":{"line":102,"column":17},"end":{"line":102,"column":94}},"71":{"start":{"line":103,"column":8},"end":{"line":103,"column":35}},"72":{"start":{"line":107,"column":0},"end":{"line":107,"column":102}}},"fnMap":{"0":{"name":"(anonymous_0)","decl":{"start":{"line":5,"column":21},"end":{"line":5,"column":22}},"loc":{"start":{"line":5,"column":40},"end":{"line":26,"column":1}},"line":5},"1":{"name":"(anonymous_1)","decl":{"start":{"line":13,"column":61},"end":{"line":13,"column":62}},"loc":{"start":{"line":13,"column":83},"end":{"line":25,"column":5}},"line":13},"2":{"name":"(anonymous_2)","decl":{"start":{"line":20,"column":12},"end":{"line":20,"column":13}},"loc":{"start":{"line":20,"column":27},"end":{"line":23,"column":13}},"line":20},"3":{"name":"(anonymous_3)","decl":{"start":{"line":28,"column":18},"end":{"line":28,"column":19}},"loc":{"start":{"line":28,"column":32},"end":{"line":48,"column":1}},"line":28},"4":{"name":"(anonymous_4)","decl":{"start":{"line":33,"column":61},"end":{"line":33,"column":62}},"loc":{"start":{"line":33,"column":83},"end":{"line":47,"column":5}},"line":33},"5":{"name":"(anonymous_5)","decl":{"start":{"line":51,"column":22},"end":{"line":51,"column":23}},"loc":{"start":{"line":51,"column":36},"end":{"line":63,"column":1}},"line":51},"6":{"name":"(anonymous_6)","decl":{"start":{"line":56,"column":97},"end":{"line":56,"column":98}},"loc":{"start":{"line":56,"column":106},"end":{"line":62,"column":5}},"line":56},"7":{"name":"(anonymous_7)","decl":{"start":{"line":58,"column":90},"end":{"line":58,"column":91}},"loc":{"start":{"line":58,"column":105},"end":{"line":61,"column":9}},"line":58},"8":{"name":"(anonymous_8)","decl":{"start":{"line":66,"column":23},"end":{"line":66,"column":24}},"loc":{"start":{"line":66,"column":42},"end":{"line":83,"column":1}},"line":66},"9":{"name":"(anonymous_9)","decl":{"start":{"line":72,"column":59},"end":{"line":72,"column":60}},"loc":{"start":{"line":72,"column":79},"end":{"line":82,"column":5}},"line":72},"10":{"name":"(anonymous_10)","decl":{"start":{"line":78,"column":81},"end":{"line":78,"column":82}},"loc":{"start":{"line":78,"column":90},"end":{"line":81,"column":9}},"line":78},"11":{"name":"(anonymous_11)","decl":{"start":{"line":86,"column":20},"end":{"line":86,"column":21}},"loc":{"start":{"line":86,"column":34},"end":{"line":91,"column":1}},"line":86},"12":{"name":"(anonymous_12)","decl":{"start":{"line":87,"column":92},"end":{"line":87,"column":93}},"loc":{"start":{"line":87,"column":107},"end":{"line":90,"column":5}},"line":87},"13":{"name":"(anonymous_13)","decl":{"start":{"line":94,"column":20},"end":{"line":94,"column":21}},"loc":{"start":{"line":94,"column":34},"end":{"line":105,"column":1}},"line":94},"14":{"name":"(anonymous_14)","decl":{"start":{"line":101,"column":20},"end":{"line":101,"column":21}},"loc":{"start":{"line":101,"column":35},"end":{"line":104,"column":5}},"line":101}},"branchMap":{"0":{"loc":{"start":{"line":7,"column":4},"end":{"line":8,"column":90}},"type":"if","locations":[{"start":{"line":7,"column":4},"end":{"line":8,"column":90}},{"start":{},"end":{}}],"line":7},"1":{"loc":{"start":{"line":7,"column":8},"end":{"line":7,"column":36}},"type":"binary-expr","locations":[{"start":{"line":7,"column":8},"end":{"line":7,"column":13}},{"start":{"line":7,"column":17},"end":{"line":7,"column":23}},{"start":{"line":7,"column":27},"end":{"line":7,"column":36}}],"line":7},"2":{"loc":{"start":{"line":11,"column":25},"end":{"line":11,"column":60}},"type":"cond-expr","locations":[{"start":{"line":11,"column":44},"end":{"line":11,"column":51}},{"start":{"line":11,"column":54},"end":{"line":11,"column":60}}],"line":11},"3":{"loc":{"start":{"line":14,"column":8},"end":{"line":14,"column":88}},"type":"if","locations":[{"start":{"line":14,"column":8},"end":{"line":14,"column":88}},{"start":{},"end":{}}],"line":14},"4":{"loc":{"start":{"line":15,"column":8},"end":{"line":15,"column":96}},"type":"if","locations":[{"start":{"line":15,"column":8},"end":{"line":15,"column":96}},{"start":{},"end":{}}],"line":15},"5":{"loc":{"start":{"line":19,"column":107},"end":{"line":19,"column":120}},"type":"binary-expr","locations":[{"start":{"line":19,"column":107},"end":{"line":19,"column":112}},{"start":{"line":19,"column":116},"end":{"line":19,"column":120}}],"line":19},"6":{"loc":{"start":{"line":21,"column":16},"end":{"line":21,"column":104}},"type":"if","locations":[{"start":{"line":21,"column":16},"end":{"line":21,"column":104}},{"start":{},"end":{}}],"line":21},"7":{"loc":{"start":{"line":30,"column":4},"end":{"line":31,"column":84}},"type":"if","locations":[{"start":{"line":30,"column":4},"end":{"line":31,"column":84}},{"start":{},"end":{}}],"line":30},"8":{"loc":{"start":{"line":30,"column":8},"end":{"line":30,"column":27}},"type":"binary-expr","locations":[{"start":{"line":30,"column":8},"end":{"line":30,"column":14}},{"start":{"line":30,"column":18},"end":{"line":30,"column":27}}],"line":30},"9":{"loc":{"start":{"line":34,"column":8},"end":{"line":34,"column":88}},"type":"if","locations":[{"start":{"line":34,"column":8},"end":{"line":34,"column":88}},{"start":{},"end":{}}],"line":34},"10":{"loc":{"start":{"line":35,"column":8},"end":{"line":35,"column":92}},"type":"if","locations":[{"start":{"line":35,"column":8},"end":{"line":35,"column":92}},{"start":{},"end":{}}],"line":35},"11":{"loc":{"start":{"line":39,"column":8},"end":{"line":39,"column":83}},"type":"if","locations":[{"start":{"line":39,"column":8},"end":{"line":39,"column":83}},{"start":{},"end":{}}],"line":39},"12":{"loc":{"start":{"line":54,"column":4},"end":{"line":54,"column":76}},"type":"if","locations":[{"start":{"line":54,"column":4},"end":{"line":54,"column":76}},{"start":{},"end":{}}],"line":54},"13":{"loc":{"start":{"line":56,"column":73},"end":{"line":56,"column":86}},"type":"binary-expr","locations":[{"start":{"line":56,"column":73},"end":{"line":56,"column":78}},{"start":{"line":56,"column":82},"end":{"line":56,"column":86}}],"line":56},"14":{"loc":{"start":{"line":57,"column":8},"end":{"line":57,"column":96}},"type":"if","locations":[{"start":{"line":57,"column":8},"end":{"line":57,"column":96}},{"start":{},"end":{}}],"line":57},"15":{"loc":{"start":{"line":59,"column":12},"end":{"line":59,"column":93}},"type":"if","locations":[{"start":{"line":59,"column":12},"end":{"line":59,"column":93}},{"start":{},"end":{}}],"line":59},"16":{"loc":{"start":{"line":69,"column":4},"end":{"line":70,"column":90}},"type":"if","locations":[{"start":{"line":69,"column":4},"end":{"line":70,"column":90}},{"start":{},"end":{}}],"line":69},"17":{"loc":{"start":{"line":69,"column":8},"end":{"line":69,"column":40}},"type":"binary-expr","locations":[{"start":{"line":69,"column":8},"end":{"line":69,"column":24}},{"start":{"line":69,"column":28},"end":{"line":69,"column":40}}],"line":69},"18":{"loc":{"start":{"line":73,"column":8},"end":{"line":73,"column":76}},"type":"if","locations":[{"start":{"line":73,"column":8},"end":{"line":73,"column":76}},{"start":{},"end":{}}],"line":73},"19":{"loc":{"start":{"line":75,"column":8},"end":{"line":75,"column":96}},"type":"if","locations":[{"start":{"line":75,"column":8},"end":{"line":75,"column":96}},{"start":{},"end":{}}],"line":75},"20":{"loc":{"start":{"line":79,"column":12},"end":{"line":79,"column":89}},"type":"if","locations":[{"start":{"line":79,"column":12},"end":{"line":79,"column":89}},{"start":{},"end":{}}],"line":79},"21":{"loc":{"start":{"line":88,"column":8},"end":{"line":88,"column":94}},"type":"if","locations":[{"start":{"line":88,"column":8},"end":{"line":88,"column":94}},{"start":{},"end":{}}],"line":88},"22":{"loc":{"start":{"line":102,"column":8},"end":{"line":102,"column":94}},"type":"if","locations":[{"start":{"line":102,"column":8},"end":{"line":102,"column":94}},{"start":{},"end":{}}],"line":102}},"s":{"0":3,"1":3,"2":3,"3":3,"4":0,"5":0,"6":0,"7":0,"8":0,"9":0,"10":0,"11":0,"12":0,"13":0,"14":0,"15":0,"16":0,"17":0,"18":3,"19":0,"20":0,"21":0,"22":0,"23":0,"24":0,"25":0,"26":0,"27":0,"28":0,"29":0,"30":0,"31":0,"32":0,"33":3,"34":0,"35":0,"36":0,"37":0,"38":0,"39":0,"40":0,"41":0,"42":0,"43":0,"44":0,"45":3,"46":0,"47":0,"48":0,"49":0,"50":0,"51":0,"52":0,"53":0,"54":0,"55":0,"56":0,"57":0,"58":0,"59":0,"60":0,"61":3,"62":0,"63":0,"64":0,"65":0,"66":3,"67":0,"68":0,"69":0,"70":0,"71":0,"72":3},"f":{"0":0,"1":0,"2":0,"3":0,"4":0,"5":0,"6":0,"7":0,"8":0,"9":0,"10":0,"11":0,"12":0,"13":0,"14":0},"b":{"0":[0,0],"1":[0,0,0],"2":[0,0],"3":[0,0],"4":[0,0],"5":[0,0],"6":[0,0],"7":[0,0],"8":[0,0],"9":[0,0],"10":[0,0],"11":[0,0],"12":[0,0],"13":[0,0],"14":[0,0],"15":[0,0],"16":[0,0],"17":[0,0],"18":[0,0],"19":[0,0],"20":[0,0],"21":[0,0],"22":[0,0]},"_coverageSchema":"1a1c01bbd47fc00a2c39e90264f33305004495a9","hash":"876d087fc8f03895fdb82aeb76b0e5963253dbc3"}
,"C:\\Users\\NIkITHA\\Downloads\\tour-planner-complete-fixed_1\\tour-planner-complete-fixed\\backend\\controllers\\budgetController.js": {"path":"C:\\Users\\NIkITHA\\Downloads\\tour-planner-complete-fixed_1\\tour-planner-complete-fixed\\backend\\controllers\\budgetController.js","statementMap":{"0":{"start":{"line":1,"column":11},"end":{"line":1,"column":34}},"1":{"start":{"line":4,"column":21},"end":{"line":58,"column":1}},"2":{"start":{"line":5,"column":19},"end":{"line":5,"column":30}},"3":{"start":{"line":6,"column":64},"end":{"line":6,"column":72}},"4":{"start":{"line":8,"column":4},"end":{"line":12,"column":5}},"5":{"start":{"line":9,"column":8},"end":{"line":11,"column":11}},"6":{"start":{"line":14,"column":27},"end":{"line":14,"column":82}},"7":{"start":{"line":16,"column":4},"end":{"line":57,"column":7}},"8":{"start":{"line":17,"column":8},"end":{"line":22,"column":9}},"9":{"start":{"line":18,"column":12},"end":{"line":21,"column":15}},"10":{"start":{"line":24,"column":8},"end":{"line":28,"column":9}},"11":{"start":{"line":25,"column":12},"end":{"line":27,"column":15}},"12":{"start":{"line":30,"column":22},"end":{"line":30,"column":45}},"13":{"start":{"line":31,"column":22},"end":{"line":31,"column":49}},"14":{"start":{"line":32,"column":22},"end":{"line":32,"column":45}},"15":{"start":{"line":33,"column":27},"end":{"line":33,"column":48}},"16":{"start":{"line":35,"column":28},"end":{"line":38,"column":5}},"17":{"start":{"line":40,"column":8},"end":{"line":56,"column":10}},"18":{"start":{"line":43,"column":16},"end":{"line":48,"column":17}},"19":{"start":{"line":44,"column":20},"end":{"line":47,"column":23}},"20":{"start":{"line":50,"column":16},"end":{"line":54,"column":19}},"21":{"start":{"line":61,"column":24},"end":{"line":100,"column":1}},"22":{"start":{"line":62,"column":19},"end":{"line":62,"column":30}},"23":{"start":{"line":63,"column":23},"end":{"line":63,"column":33}},"24":{"start":{"line":65,"column":27},"end":{"line":65,"column":82}},"25":{"start":{"line":67,"column":4},"end":{"line":99,"column":7}},"26":{"start":{"line":68,"column":8},"end":{"line":73,"column":9}},"27":{"start":{"line":69,"column":12},"end":{"line":72,"column":15}},"28":{"start":{"line":75,"column":8},"end":{"line":79,"column":9}},"29":{"start":{"line":76,"column":12},"end":{"line":78,"column":15}},"30":{"start":{"line":81,"column":22},"end":{"line":81,"column":62}},"31":{"start":{"line":83,"column":8},"end":{"line":98,"column":11}},"32":{"start":{"line":84,"column":12},"end":{"line":89,"column":13}},"33":{"start":{"line":85,"column":16},"end":{"line":88,"column":19}},"34":{"start":{"line":91,"column":12},"end":{"line":95,"column":13}},"35":{"start":{"line":92,"column":16},"end":{"line":94,"column":19}},"36":{"start":{"line":97,"column":12},"end":{"line":97,"column":45}},"37":{"start":{"line":103,"column":21},"end":{"line":157,"column":1}},"38":{"start":{"line":104,"column":19},"end":{"line":104,"column":30}},"39":{"start":{"line":105,"column":19},"end":{"line":105,"column":29}},"40":{"start":{"line":106,"column":55},"end":{"line":106,"column":63}},"41":{"start":{"line":108,"column":23},"end":{"line":113,"column":3}},"42":{"start":{"line":115,"column":4},"end":{"line":156,"column":7}},"43":{"start":{"line":116,"column":8},"end":{"line":121,"column":9}},"44":{"start":{"line":117,"column":12},"end":{"line":120,"column":15}},"45":{"start":{"line":123,"column":8},"end":{"line":127,"column":9}},"46":{"start":{"line":124,"column":12},"end":{"line":126,"column":15}},"47":{"start":{"line":129,"column":22},"end":{"line":129,"column":45}},"48":{"start":{"line":130,"column":22},"end":{"line":130,"column":49}},"49":{"start":{"line":131,"column":22},"end":{"line":131,"column":45}},"50":{"start":{"line":132,"column":27},"end":{"line":132,"column":48}},"51":{"start":{"line":134,"column":28},"end":{"line":138,"column":5}},"52":{"start":{"line":140,"column":8},"end":{"line":155,"column":10}},"53":{"start":{"line":143,"column":16},"end":{"line":148,"column":17}},"54":{"start":{"line":144,"column":20},"end":{"line":147,"column":23}},"55":{"start":{"line":150,"column":16},"end":{"line":153,"column":19}},"56":{"start":{"line":160,"column":21},"end":{"line":200,"column":1}},"57":{"start":{"line":161,"column":19},"end":{"line":161,"column":30}},"58":{"start":{"line":162,"column":19},"end":{"line":162,"column":29}},"59":{"start":{"line":164,"column":23},"end":{"line":169,"column":3}},"60":{"start":{"line":171,"column":4},"end":{"line":199,"column":7}},"61":{"start":{"line":172,"column":8},"end":{"line":177,"column":9}},"62":{"start":{"line":173,"column":12},"end":{"line":176,"column":15}},"63":{"start":{"line":179,"column":8},"end":{"line":183,"column":9}},"64":{"start":{"line":180,"column":12},"end":{"line":182,"column":15}},"65":{"start":{"line":185,"column":28},"end":{"line":185,"column":61}},"66":{"start":{"line":187,"column":8},"end":{"line":198,"column":11}},"67":{"start":{"line":188,"column":12},"end":{"line":193,"column":13}},"68":{"start":{"line":189,"column":16},"end":{"line":192,"column":19}},"69":{"start":{"line":195,"column":12},"end":{"line":197,"column":15}},"70":{"start":{"line":202,"column":0},"end":{"line":207,"column":2}}},"fnMap":{"0":{"name":"(anonymous_0)","decl":{"start":{"line":4,"column":21},"end":{"line":4,"column":22}},"loc":{"start":{"line":4,"column":35},"end":{"line":58,"column":1}},"line":4},"1":{"name":"(anonymous_1)","decl":{"start":{"line":16,"column":48},"end":{"line":16,"column":49}},"loc":{"start":{"line":16,"column":70},"end":{"line":57,"column":5}},"line":16},"2":{"name":"(anonymous_2)","decl":{"start":{"line":42,"column":12},"end":{"line":42,"column":13}},"loc":{"start":{"line":42,"column":29},"end":{"line":55,"column":13}},"line":42},"3":{"name":"(anonymous_3)","decl":{"start":{"line":61,"column":24},"end":{"line":61,"column":25}},"loc":{"start":{"line":61,"column":38},"end":{"line":100,"column":1}},"line":61},"4":{"name":"(anonymous_4)","decl":{"start":{"line":67,"column":47},"end":{"line":67,"column":48}},"loc":{"start":{"line":67,"column":69},"end":{"line":99,"column":5}},"line":67},"5":{"name":"(anonymous_5)","decl":{"start":{"line":83,"column":34},"end":{"line":83,"column":35}},"loc":{"start":{"line":83,"column":52},"end":{"line":98,"column":9}},"line":83},"6":{"name":"(anonymous_6)","decl":{"start":{"line":103,"column":21},"end":{"line":103,"column":22}},"loc":{"start":{"line":103,"column":35},"end":{"line":157,"column":1}},"line":103},"7":{"name":"(anonymous_7)","decl":{"start":{"line":115,"column":39},"end":{"line":115,"column":40}},"loc":{"start":{"line":115,"column":57},"end":{"line":156,"column":5}},"line":115},"8":{"name":"(anonymous_8)","decl":{"start":{"line":142,"column":12},"end":{"line":142,"column":13}},"loc":{"start":{"line":142,"column":29},"end":{"line":154,"column":13}},"line":142},"9":{"name":"(anonymous_9)","decl":{"start":{"line":160,"column":21},"end":{"line":160,"column":22}},"loc":{"start":{"line":160,"column":35},"end":{"line":200,"column":1}},"line":160},"10":{"name":"(anonymous_10)","decl":{"start":{"line":171,"column":39},"end":{"line":171,"column":40}},"loc":{"start":{"line":171,"column":57},"end":{"line":199,"column":5}},"line":171},"11":{"name":"(anonymous_11)","decl":{"start":{"line":187,"column":36},"end":{"line":187,"column":37}},"loc":{"start":{"line":187,"column":53},"end":{"line":198,"column":9}},"line":187}},"branchMap":{"0":{"loc":{"start":{"line":8,"column":4},"end":{"line":12,"column":5}},"type":"if","locations":[{"start":{"line":8,"column":4},"end":{"line":12,"column":5}},{"start":{},"end":{}}],"line":8},"1":{"loc":{"start":{"line":17,"column":8},"end":{"line":22,"column":9}},"type":"if","locations":[{"start":{"line":17,"column":8},"end":{"line":22,"column":9}},{"start":{},"end":{}}],"line":17},"2":{"loc":{"start":{"line":24,"column":8},"end":{"line":28,"column":9}},"type":"if","locations":[{"start":{"line":24,"column":8},"end":{"line":28,"column":9}},{"start":{},"end":{}}],"line":24},"3":{"loc":{"start":{"line":30,"column":22},"end":{"line":30,"column":45}},"type":"binary-expr","locations":[{"start":{"line":30,"column":22},"end":{"line":30,"column":40}},{"start":{"line":30,"column":44},"end":{"line":30,"column":45}}],"line":30},"4":{"loc":{"start":{"line":31,"column":22},"end":{"line":31,"column":49}},"type":"binary-expr","locations":[{"start":{"line":31,"column":22},"end":{"line":31,"column":44}},{"start":{"line":31,"column":48},"end":{"line":31,"column":49}}],"line":31},"5":{"loc":{"start":{"line":32,"column":22},"end":{"line":32,"column":45}},"type":"binary-expr","locations":[{"start":{"line":32,"column":22},"end":{"line":32,"column":40}},{"start":{"line":32,"column":44},"end":{"line":32,"column":45}}],"line":32},"6":{"loc":{"start":{"line":43,"column":16},"end":{"line":48,"column":17}},"type":"if","locations":[{"start":{"line":43,"column":16},"end":{"line":48,"column":17}},{"start":{},"end":{}}],"line":43},"7":{"loc":{"start":{"line":68,"column":8},"end":{"line":73,"column":9}},"type":"if","locations":[{"start":{"line":68,"column":8},"end":{"line":73,"column":9}},{"start":{},"end":{}}],"line":68},"8":{"loc":{"start":{"line":75,"column":8},"end":{"line":79,"column":9}},"type":"if","locations":[{"start":{"line":75,"column":8},"end":{"line":79,"column":9}},{"start":{},"end":{}}],"line":75},"9":{"loc":{"start":{"line":84,"column":12},"end":{"line":89,"column":13}},"type":"if","locations":[{"start":{"line":84,"column":12},"end":{"line":89,"column":13}},{"start":{},"end":{}}],"line":84},"10":{"loc":{"start":{"line":91,"column":12},"end":{"line":95,"column":13}},"type":"if","locations":[{"start":{"line":91,"column":12},"end":{"line":95,"column":13}},{"start":{},"end":{}}],"line":91},"11":{"loc":{"start":{"line":116,"column":8},"end":{"line":121,"column":9}},"type":"if","locations":[{"start":{"line":116,"column":8},"end":{"line":121,"column":9}},{"start":{},"end":{}}],"line":116},"12":{"loc":{"start":{"line":123,"column":8},"end":{"line":127,"column":9}},"type":"if","locations":[{"start":{"line":123,"column":8},"end":{"line":127,"column":9}},{"start":{},"end":{}}],"line":123},"13":{"loc":{"start":{"line":129,"column":22},"end":{"line":129,"column":45}},"type":"binary-expr","locations":[{"start":{"line":129,"column":22},"end":{"line":129,"column":40}},{"start":{"line":129,"column":44},"end":{"line":129,"column":45}}],"line":129},"14":{"loc":{"start":{"line":130,"column":22},"end":{"line":130,"column":49}},"type":"binary-expr","locations":[{"start":{"line":130,"column":22},"end":{"line":130,"column":44}},{"start":{"line":130,"column":48},"end":{"line":130,"column":49}}],"line":130},"15":{"loc":{"start":{"line":131,"column":22},"end":{"line":131,"column":45}},"type":"binary-expr","locations":[{"start":{"line":131,"column":22},"end":{"line":131,"column":40}},{"start":{"line":131,"column":44},"end":{"line":131,"column":45}}],"line":131},"16":{"loc":{"start":{"line":143,"column":16},"end":{"line":148,"column":17}},"type":"if","locations":[{"start":{"line":143,"column":16},"end":{"line":148,"column":17}},{"start":{},"end":{}}],"line":143},"17":{"loc":{"start":{"line":172,"column":8},"end":{"line":177,"column":9}},"type":"if","locations":[{"start":{"line":172,"column":8},"end":{"line":177,"column":9}},{"start":{},"end":{}}],"line":172},"18":{"loc":{"start":{"line":179,"column":8},"end":{"line":183,"column":9}},"type":"if","locations":[{"start":{"line":179,"column":8},"end":{"line":183,"column":9}},{"start":{},"end":{}}],"line":179},"19":{"loc":{"start":{"line":188,"column":12},"end":{"line":193,"column":13}},"type":"if","locations":[{"start":{"line":188,"column":12},"end":{"line":193,"column":13}},{"start":{},"end":{}}],"line":188}},"s":{"0":3,"1":3,"2":0,"3":0,"4":0,"5":0,"6":0,"7":0,"8":0,"9":0,"10":0,"11":0,"12":0,"13":0,"14":0,"15":0,"16":0,"17":0,"18":0,"19":0,"20":0,"21":3,"22":0,"23":0,"24":0,"25":0,"26":0,"27":0,"28":0,"29":0,"30":0,"31":0,"32":0,"33":0,"34":0,"35":0,"36":0,"37":3,"38":0,"39":0,"40":0,"41":0,"42":0,"43":0,"44":0,"45":0,"46":0,"47":0,"48":0,"49":0,"50":0,"51":0,"52":0,"53":0,"54":0,"55":0,"56":3,"57":0,"58":0,"59":0,"60":0,"61":0,"62":0,"63":0,"64":0,"65":0,"66":0,"67":0,"68":0,"69":0,"70":3},"f":{"0":0,"1":0,"2":0,"3":0,"4":0,"5":0,"6":0,"7":0,"8":0,"9":0,"10":0,"11":0},"b":{"0":[0,0],"1":[0,0],"2":[0,0],"3":[0,0],"4":[0,0],"5":[0,0],"6":[0,0],"7":[0,0],"8":[0,0],"9":[0,0],"10":[0,0],"11":[0,0],"12":[0,0],"13":[0,0],"14":[0,0],"15":[0,0],"16":[0,0],"17":[0,0],"18":[0,0],"19":[0,0]},"_coverageSchema":"1a1c01bbd47fc00a2c39e90264f33305004495a9","hash":"62d0c69ee65321f844665ae41e20b50199f6ea11"}
,"C:\\Users\\NIkITHA\\Downloads\\tour-planner-complete-fixed_1\\tour-planner-complete-fixed\\backend\\controllers\\destinationController.js": {"path":"C:\\Users\\NIkITHA\\Downloads\\tour-planner-complete-fixed_1\\tour-planner-complete-fixed\\backend\\controllers\\destinationController.js","statementMap":{"0":{"start":{"line":1,"column":11},"end":{"line":1,"column":34}},"1":{"start":{"line":4,"column":27},"end":{"line":17,"column":1}},"2":{"start":{"line":5,"column":18},"end":{"line":5,"column":63}},"3":{"start":{"line":7,"column":4},"end":{"line":16,"column":7}},"4":{"start":{"line":8,"column":8},"end":{"line":13,"column":9}},"5":{"start":{"line":9,"column":12},"end":{"line":12,"column":15}},"6":{"start":{"line":15,"column":8},"end":{"line":15,"column":38}},"7":{"start":{"line":20,"column":27},"end":{"line":39,"column":1}},"8":{"start":{"line":21,"column":19},"end":{"line":21,"column":29}},"9":{"start":{"line":23,"column":18},"end":{"line":23,"column":59}},"10":{"start":{"line":25,"column":4},"end":{"line":38,"column":7}},"11":{"start":{"line":26,"column":8},"end":{"line":31,"column":9}},"12":{"start":{"line":27,"column":12},"end":{"line":30,"column":15}},"13":{"start":{"line":33,"column":8},"end":{"line":35,"column":9}},"14":{"start":{"line":34,"column":12},"end":{"line":34,"column":78}},"15":{"start":{"line":37,"column":8},"end":{"line":37,"column":41}},"16":{"start":{"line":42,"column":23},"end":{"line":79,"column":1}},"17":{"start":{"line":43,"column":79},"end":{"line":43,"column":87}},"18":{"start":{"line":45,"column":4},"end":{"line":49,"column":5}},"19":{"start":{"line":46,"column":8},"end":{"line":48,"column":11}},"20":{"start":{"line":51,"column":18},"end":{"line":54,"column":3}},"21":{"start":{"line":56,"column":4},"end":{"line":78,"column":6}},"22":{"start":{"line":66,"column":12},"end":{"line":71,"column":13}},"23":{"start":{"line":67,"column":16},"end":{"line":70,"column":19}},"24":{"start":{"line":73,"column":12},"end":{"line":76,"column":15}},"25":{"start":{"line":82,"column":26},"end":{"line":119,"column":1}},"26":{"start":{"line":83,"column":19},"end":{"line":83,"column":29}},"27":{"start":{"line":84,"column":79},"end":{"line":84,"column":87}},"28":{"start":{"line":86,"column":18},"end":{"line":90,"column":3}},"29":{"start":{"line":92,"column":4},"end":{"line":118,"column":6}},"30":{"start":{"line":103,"column":12},"end":{"line":108,"column":13}},"31":{"start":{"line":104,"column":16},"end":{"line":107,"column":19}},"32":{"start":{"line":110,"column":12},"end":{"line":112,"column":13}},"33":{"start":{"line":111,"column":16},"end":{"line":111,"column":82}},"34":{"start":{"line":114,"column":12},"end":{"line":116,"column":15}},"35":{"start":{"line":122,"column":26},"end":{"line":143,"column":1}},"36":{"start":{"line":123,"column":19},"end":{"line":123,"column":29}},"37":{"start":{"line":125,"column":18},"end":{"line":125,"column":57}},"38":{"start":{"line":127,"column":4},"end":{"line":142,"column":7}},"39":{"start":{"line":128,"column":8},"end":{"line":133,"column":9}},"40":{"start":{"line":129,"column":12},"end":{"line":132,"column":15}},"41":{"start":{"line":135,"column":8},"end":{"line":137,"column":9}},"42":{"start":{"line":136,"column":12},"end":{"line":136,"column":78}},"43":{"start":{"line":139,"column":8},"end":{"line":141,"column":11}},"44":{"start":{"line":145,"column":0},"end":{"line":151,"column":2}}},"fnMap":{"0":{"name":"(anonymous_0)","decl":{"start":{"line":4,"column":27},"end":{"line":4,"column":28}},"loc":{"start":{"line":4,"column":41},"end":{"line":17,"column":1}},"line":4},"1":{"name":"(anonymous_1)","decl":{"start":{"line":7,"column":20},"end":{"line":7,"column":21}},"loc":{"start":{"line":7,"column":38},"end":{"line":16,"column":5}},"line":7},"2":{"name":"(anonymous_2)","decl":{"start":{"line":20,"column":27},"end":{"line":20,"column":28}},"loc":{"start":{"line":20,"column":41},"end":{"line":39,"column":1}},"line":20},"3":{"name":"(anonymous_3)","decl":{"start":{"line":25,"column":26},"end":{"line":25,"column":27}},"loc":{"start":{"line":25,"column":44},"end":{"line":38,"column":5}},"line":25},"4":{"name":"(anonymous_4)","decl":{"start":{"line":42,"column":23},"end":{"line":42,"column":24}},"loc":{"start":{"line":42,"column":37},"end":{"line":79,"column":1}},"line":42},"5":{"name":"(anonymous_5)","decl":{"start":{"line":65,"column":8},"end":{"line":65,"column":9}},"loc":{"start":{"line":65,"column":25},"end":{"line":77,"column":9}},"line":65},"6":{"name":"(anonymous_6)","decl":{"start":{"line":82,"column":26},"end":{"line":82,"column":27}},"loc":{"start":{"line":82,"column":40},"end":{"line":119,"column":1}},"line":82},"7":{"name":"(anonymous_7)","decl":{"start":{"line":102,"column":8},"end":{"line":102,"column":9}},"loc":{"start":{"line":102,"column":25},"end":{"line":117,"column":9}},"line":102},"8":{"name":"(anonymous_8)","decl":{"start":{"line":122,"column":26},"end":{"line":122,"column":27}},"loc":{"start":{"line":122,"column":40},"end":{"line":143,"column":1}},"line":122},"9":{"name":"(anonymous_9)","decl":{"start":{"line":127,"column":26},"end":{"line":127,"column":27}},"loc":{"start":{"line":127,"column":43},"end":{"line":142,"column":5}},"line":127}},"branchMap":{"0":{"loc":{"start":{"line":8,"column":8},"end":{"line":13,"column":9}},"type":"if","locations":[{"start":{"line":8,"column":8},"end":{"line":13,"column":9}},{"start":{},"end":{}}],"line":8},"1":{"loc":{"start":{"line":26,"column":8},"end":{"line":31,"column":9}},"type":"if","locations":[{"start":{"line":26,"column":8},"end":{"line":31,"column":9}},{"start":{},"end":{}}],"line":26},"2":{"loc":{"start":{"line":33,"column":8},"end":{"line":35,"column":9}},"type":"if","locations":[{"start":{"line":33,"column":8},"end":{"line":35,"column":9}},{"start":{},"end":{}}],"line":33},"3":{"loc":{"start":{"line":45,"column":4},"end":{"line":49,"column":5}},"type":"if","locations":[{"start":{"line":45,"column":4},"end":{"line":49,"column":5}},{"start":{},"end":{}}],"line":45},"4":{"loc":{"start":{"line":45,"column":8},"end":{"line":45,"column":26}},"type":"binary-expr","locations":[{"start":{"line":45,"column":8},"end":{"line":45,"column":13}},{"start":{"line":45,"column":17},"end":{"line":45,"column":26}}],"line":45},"5":{"loc":{"start":{"line":60,"column":12},"end":{"line":60,"column":29}},"type":"binary-expr","locations":[{"start":{"line":60,"column":12},"end":{"line":60,"column":23}},{"start":{"line":60,"column":27},"end":{"line":60,"column":29}}],"line":60},"6":{"loc":{"start":{"line":61,"column":12},"end":{"line":61,"column":34}},"type":"binary-expr","locations":[{"start":{"line":61,"column":12},"end":{"line":61,"column":26}},{"start":{"line":61,"column":30},"end":{"line":61,"column":34}}],"line":61},"7":{"loc":{"start":{"line":62,"column":12},"end":{"line":62,"column":27}},"type":"binary-expr","locations":[{"start":{"line":62,"column":12},"end":{"line":62,"column":21}},{"start":{"line":62,"column":25},"end":{"line":62,"column":27}}],"line":62},"8":{"loc":{"start":{"line":63,"column":12},"end":{"line":63,"column":29}},"type":"binary-expr","locations":[{"start":{"line":63,"column":12},"end":{"line":63,"column":18}},{"start":{"line":63,"column":22},"end":{"line":63,"column":29}}],"line":63},"9":{"loc":{"start":{"line":66,"column":12},"end":{"line":71,"column":13}},"type":"if","locations":[{"start":{"line":66,"column":12},"end":{"line":71,"column":13}},{"start":{},"end":{}}],"line":66},"10":{"loc":{"start":{"line":96,"column":12},"end":{"line":96,"column":29}},"type":"binary-expr","locations":[{"start":{"line":96,"column":12},"end":{"line":96,"column":23}},{"start":{"line":96,"column":27},"end":{"line":96,"column":29}}],"line":96},"11":{"loc":{"start":{"line":97,"column":12},"end":{"line":97,"column":34}},"type":"binary-expr","locations":[{"start":{"line":97,"column":12},"end":{"line":97,"column":26}},{"start":{"line":97,"column":30},"end":{"line":97,"column":34}}],"line":97},"12":{"loc":{"start":{"line":98,"column":12},"end":{"line":98,"column":27}},"type":"binary-expr","locations":[{"start":{"line":98,"column":12},"end":{"line":98,"column":21}},{"start":{"line":98,"column":25},"end":{"line":98,"column":27}}],"line":98},"13":{"loc":{"start":{"line":99,"column":12},"end":{"line":99,"column":29}},"type":"binary-expr","locations":[{"start":{"line":99,"column":12},"end":{"line":99,"column":18}},{"start":{"line":99,"column":22},"end":{"line":99,"column":29}}],"line":99},"14":{"loc":{"start":{"line":103,"column":12},"end":{"line":108,"column":13}},"type":"if","locations":[{"start":{"line":103,"column":12},"end":{"line":108,"column":13}},{"start":{},"end":{}}],"line":103},"15":{"loc":{"start":{"line":110,"column":12},"end":{"line":112,"column":13}},"type":"if","locations":[{"start":{"line":110,"column":12},"end":{"line":112,"column":13}},{"start":{},"end":{}}],"line":110},"16":{"loc":{"start":{"line":128,"column":8},"end":{"line":133,"column":9}},"type":"if","locations":[{"start":{"line":128,"column":8},"end":{"line":133,"column":9}},{"start":{},"end":{}}],"line":128},"17":{"loc":{"start":{"line":135,"column":8},"end":{"line":137,"column":9}},"type":"if","locations":[{"start":{"line":135,"column":8},"end":{"line":137,"column":9}},{"start":{},"end":{}}],"line":135}},"s":{"0":3,"1":3,"2":0,"3":0,"4":0,"5":0,"6":0,"7":3,"8":0,"9":0,"10":0,"11":0,"12":0,"13":0,"14":0,"15":0,"16":3,"17":0,"18":0,"19":0,"20":0,"21":0,"22":0,"23":0,"24":0,"25":3,"26":0,"27":0,"28":0,"29":0,"30":0,"31":0,"32":0,"33":0,"34":0,"35":3,"36":0,"37":0,"38":0,"39":0,"40":0,"41":0,"42":0,"43":0,"44":3},"f":{"0":0,"1":0,"2":0,"3":0,"4":0,"5":0,"6":0,"7":0,"8":0,"9":0},"b":{"0":[0,0],"1":[0,0],"2":[0,0],"3":[0,0],"4":[0,0],"5":[0,0],"6":[0,0],"7":[0,0],"8":[0,0],"9":[0,0],"10":[0,0],"11":[0,0],"12":[0,0],"13":[0,0],"14":[0,0],"15":[0,0],"16":[0,0],"17":[0,0]},"_coverageSchema":"1a1c01bbd47fc00a2c39e90264f33305004495a9","hash":"831f4e714efb9952713b36703fa02bdcca3689bf"}
,"C:\\Users\\NIkITHA\\Downloads\\tour-planner-complete-fixed_1\\tour-planner-complete-fixed\\backend\\controllers\\hotelController.js": {"path":"C:\\Users\\NIkITHA\\Downloads\\tour-planner-complete-fixed_1\\tour-planner-complete-fixed\\backend\\controllers\\hotelController.js","statementMap":{"0":{"start":{"line":1,"column":11},"end":{"line":1,"column":34}},"1":{"start":{"line":2,"column":22},"end":{"line":2,"column":65}},"2":{"start":{"line":5,"column":21},"end":{"line":18,"column":1}},"3":{"start":{"line":6,"column":18},"end":{"line":6,"column":40}},"4":{"start":{"line":8,"column":4},"end":{"line":17,"column":7}},"5":{"start":{"line":9,"column":8},"end":{"line":14,"column":9}},"6":{"start":{"line":10,"column":12},"end":{"line":13,"column":15}},"7":{"start":{"line":16,"column":8},"end":{"line":16,"column":38}},"8":{"start":{"line":21,"column":21},"end":{"line":41,"column":1}},"9":{"start":{"line":22,"column":19},"end":{"line":22,"column":29}},"10":{"start":{"line":23,"column":18},"end":{"line":23,"column":53}},"11":{"start":{"line":25,"column":4},"end":{"line":40,"column":7}},"12":{"start":{"line":26,"column":8},"end":{"line":31,"column":9}},"13":{"start":{"line":27,"column":12},"end":{"line":30,"column":15}},"14":{"start":{"line":33,"column":8},"end":{"line":37,"column":9}},"15":{"start":{"line":34,"column":12},"end":{"line":36,"column":15}},"16":{"start":{"line":39,"column":8},"end":{"line":39,"column":41}},"17":{"start":{"line":44,"column":31},"end":{"line":91,"column":1}},"18":{"start":{"line":45,"column":30},"end":{"line":45,"column":40}},"19":{"start":{"line":46,"column":50},"end":{"line":46,"column":59}},"20":{"start":{"line":48,"column":27},"end":{"line":48,"column":101}},"21":{"start":{"line":49,"column":28},"end":{"line":49,"column":104}},"22":{"start":{"line":51,"column":29},"end":{"line":51,"column":70}},"23":{"start":{"line":53,"column":4},"end":{"line":90,"column":7}},"24":{"start":{"line":54,"column":8},"end":{"line":59,"column":9}},"25":{"start":{"line":55,"column":12},"end":{"line":58,"column":15}},"26":{"start":{"line":61,"column":8},"end":{"line":63,"column":9}},"27":{"start":{"line":62,"column":12},"end":{"line":62,"column":78}},"28":{"start":{"line":65,"column":28},"end":{"line":65,"column":42}},"29":{"start":{"line":66,"column":25},"end":{"line":66,"column":65}},"30":{"start":{"line":68,"column":8},"end":{"line":76,"column":9}},"31":{"start":{"line":69,"column":27},"end":{"line":69,"column":115}},"32":{"start":{"line":71,"column":12},"end":{"line":73,"column":13}},"33":{"start":{"line":72,"column":16},"end":{"line":72,"column":52}},"34":{"start":{"line":75,"column":12},"end":{"line":75,"column":87}},"35":{"start":{"line":79,"column":27},"end":{"line":79,"column":74}},"36":{"start":{"line":80,"column":8},"end":{"line":89,"column":11}},"37":{"start":{"line":81,"column":12},"end":{"line":86,"column":13}},"38":{"start":{"line":82,"column":16},"end":{"line":85,"column":19}},"39":{"start":{"line":88,"column":12},"end":{"line":88,"column":42}},"40":{"start":{"line":94,"column":17},"end":{"line":136,"column":1}},"41":{"start":{"line":101,"column":8},"end":{"line":101,"column":16}},"42":{"start":{"line":103,"column":4},"end":{"line":107,"column":5}},"43":{"start":{"line":104,"column":8},"end":{"line":106,"column":11}},"44":{"start":{"line":109,"column":18},"end":{"line":112,"column":3}},"45":{"start":{"line":114,"column":4},"end":{"line":135,"column":6}},"46":{"start":{"line":123,"column":12},"end":{"line":128,"column":13}},"47":{"start":{"line":124,"column":16},"end":{"line":127,"column":19}},"48":{"start":{"line":130,"column":12},"end":{"line":133,"column":15}},"49":{"start":{"line":139,"column":20},"end":{"line":189,"column":1}},"50":{"start":{"line":140,"column":19},"end":{"line":140,"column":29}},"51":{"start":{"line":147,"column":8},"end":{"line":147,"column":16}},"52":{"start":{"line":149,"column":4},"end":{"line":153,"column":5}},"53":{"start":{"line":150,"column":8},"end":{"line":152,"column":11}},"54":{"start":{"line":155,"column":18},"end":{"line":159,"column":3}},"55":{"start":{"line":161,"column":4},"end":{"line":188,"column":6}},"56":{"start":{"line":171,"column":12},"end":{"line":176,"column":13}},"57":{"start":{"line":172,"column":16},"end":{"line":175,"column":19}},"58":{"start":{"line":178,"column":12},"end":{"line":182,"column":13}},"59":{"start":{"line":179,"column":16},"end":{"line":181,"column":19}},"60":{"start":{"line":184,"column":12},"end":{"line":186,"column":15}},"61":{"start":{"line":192,"column":20},"end":{"line":214,"column":1}},"62":{"start":{"line":193,"column":19},"end":{"line":193,"column":29}},"63":{"start":{"line":194,"column":18},"end":{"line":194,"column":51}},"64":{"start":{"line":196,"column":4},"end":{"line":213,"column":7}},"65":{"start":{"line":197,"column":8},"end":{"line":202,"column":9}},"66":{"start":{"line":198,"column":12},"end":{"line":201,"column":15}},"67":{"start":{"line":204,"column":8},"end":{"line":208,"column":9}},"68":{"start":{"line":205,"column":12},"end":{"line":207,"column":15}},"69":{"start":{"line":210,"column":8},"end":{"line":212,"column":11}},"70":{"start":{"line":216,"column":0},"end":{"line":223,"column":2}}},"fnMap":{"0":{"name":"(anonymous_0)","decl":{"start":{"line":5,"column":21},"end":{"line":5,"column":22}},"loc":{"start":{"line":5,"column":35},"end":{"line":18,"column":1}},"line":5},"1":{"name":"(anonymous_1)","decl":{"start":{"line":8,"column":20},"end":{"line":8,"column":21}},"loc":{"start":{"line":8,"column":38},"end":{"line":17,"column":5}},"line":8},"2":{"name":"(anonymous_2)","decl":{"start":{"line":21,"column":21},"end":{"line":21,"column":22}},"loc":{"start":{"line":21,"column":35},"end":{"line":41,"column":1}},"line":21},"3":{"name":"(anonymous_3)","decl":{"start":{"line":25,"column":26},"end":{"line":25,"column":27}},"loc":{"start":{"line":25,"column":44},"end":{"line":40,"column":5}},"line":25},"4":{"name":"(anonymous_4)","decl":{"start":{"line":44,"column":31},"end":{"line":44,"column":32}},"loc":{"start":{"line":44,"column":50},"end":{"line":91,"column":1}},"line":44},"5":{"name":"(anonymous_5)","decl":{"start":{"line":53,"column":48},"end":{"line":53,"column":49}},"loc":{"start":{"line":53,"column":75},"end":{"line":90,"column":5}},"line":53},"6":{"name":"(anonymous_6)","decl":{"start":{"line":80,"column":46},"end":{"line":80,"column":47}},"loc":{"start":{"line":80,"column":66},"end":{"line":89,"column":9}},"line":80},"7":{"name":"(anonymous_7)","decl":{"start":{"line":94,"column":17},"end":{"line":94,"column":18}},"loc":{"start":{"line":94,"column":31},"end":{"line":136,"column":1}},"line":94},"8":{"name":"(anonymous_8)","decl":{"start":{"line":122,"column":8},"end":{"line":122,"column":9}},"loc":{"start":{"line":122,"column":25},"end":{"line":134,"column":9}},"line":122},"9":{"name":"(anonymous_9)","decl":{"start":{"line":139,"column":20},"end":{"line":139,"column":21}},"loc":{"start":{"line":139,"column":34},"end":{"line":189,"column":1}},"line":139},"10":{"name":"(anonymous_10)","decl":{"start":{"line":170,"column":8},"end":{"line":170,"column":9}},"loc":{"start":{"line":170,"column":25},"end":{"line":187,"column":9}},"line":170},"11":{"name":"(anonymous_11)","decl":{"start":{"line":192,"column":20},"end":{"line":192,"column":21}},"loc":{"start":{"line":192,"column":34},"end":{"line":214,"column":1}},"line":192},"12":{"name":"(anonymous_12)","decl":{"start":{"line":196,"column":26},"end":{"line":196,"column":27}},"loc":{"start":{"line":196,"column":43},"end":{"line":213,"column":5}},"line":196}},"branchMap":{"0":{"loc":{"start":{"line":9,"column":8},"end":{"line":14,"column":9}},"type":"if","locations":[{"start":{"line":9,"column":8},"end":{"line":14,"column":9}},{"start":{},"end":{}}],"line":9},"1":{"loc":{"start":{"line":26,"column":8},"end":{"line":31,"column":9}},"type":"if","locations":[{"start":{"line":26,"column":8},"end":{"line":31,"column":9}},{"start":{},"end":{}}],"line":26},"2":{"loc":{"start":{"line":33,"column":8},"end":{"line":37,"column":9}},"type":"if","locations":[{"start":{"line":33,"column":8},"end":{"line":37,"column":9}},{"start":{},"end":{}}],"line":33},"3":{"loc":{"start":{"line":48,"column":27},"end":{"line":48,"column":101}},"type":"binary-expr","locations":[{"start":{"line":48,"column":27},"end":{"line":48,"column":38}},{"start":{"line":48,"column":42},"end":{"line":48,"column":101}}],"line":48},"4":{"loc":{"start":{"line":49,"column":28},"end":{"line":49,"column":104}},"type":"binary-expr","locations":[{"start":{"line":49,"column":28},"end":{"line":49,"column":40}},{"start":{"line":49,"column":44},"end":{"line":49,"column":104}}],"line":49},"5":{"loc":{"start":{"line":54,"column":8},"end":{"line":59,"column":9}},"type":"if","locations":[{"start":{"line":54,"column":8},"end":{"line":59,"column":9}},{"start":{},"end":{}}],"line":54},"6":{"loc":{"start":{"line":61,"column":8},"end":{"line":63,"column":9}},"type":"if","locations":[{"start":{"line":61,"column":8},"end":{"line":63,"column":9}},{"start":{},"end":{}}],"line":61},"7":{"loc":{"start":{"line":66,"column":25},"end":{"line":66,"column":65}},"type":"binary-expr","locations":[{"start":{"line":66,"column":25},"end":{"line":66,"column":41}},{"start":{"line":66,"column":45},"end":{"line":66,"column":65}}],"line":66},"8":{"loc":{"start":{"line":69,"column":103},"end":{"line":69,"column":114}},"type":"binary-expr","locations":[{"start":{"line":69,"column":103},"end":{"line":69,"column":109}},{"start":{"line":69,"column":113},"end":{"line":69,"column":114}}],"line":69},"9":{"loc":{"start":{"line":71,"column":12},"end":{"line":73,"column":13}},"type":"if","locations":[{"start":{"line":71,"column":12},"end":{"line":73,"column":13}},{"start":{},"end":{}}],"line":71},"10":{"loc":{"start":{"line":71,"column":16},"end":{"line":71,"column":58}},"type":"binary-expr","locations":[{"start":{"line":71,"column":16},"end":{"line":71,"column":37}},{"start":{"line":71,"column":41},"end":{"line":71,"column":58}}],"line":71},"11":{"loc":{"start":{"line":81,"column":12},"end":{"line":86,"column":13}},"type":"if","locations":[{"start":{"line":81,"column":12},"end":{"line":86,"column":13}},{"start":{},"end":{}}],"line":81},"12":{"loc":{"start":{"line":103,"column":4},"end":{"line":107,"column":5}},"type":"if","locations":[{"start":{"line":103,"column":4},"end":{"line":107,"column":5}},{"start":{},"end":{}}],"line":103},"13":{"loc":{"start":{"line":103,"column":8},"end":{"line":103,"column":58}},"type":"binary-expr","locations":[{"start":{"line":103,"column":8},"end":{"line":103,"column":23}},{"start":{"line":103,"column":27},"end":{"line":103,"column":38}},{"start":{"line":103,"column":42},"end":{"line":103,"column":58}}],"line":103},"14":{"loc":{"start":{"line":118,"column":12},"end":{"line":118,"column":30}},"type":"binary-expr","locations":[{"start":{"line":118,"column":12},"end":{"line":118,"column":22}},{"start":{"line":118,"column":26},"end":{"line":118,"column":30}}],"line":118},"15":{"loc":{"start":{"line":120,"column":12},"end":{"line":120,"column":26}},"type":"binary-expr","locations":[{"start":{"line":120,"column":12},"end":{"line":120,"column":18}},{"start":{"line":120,"column":22},"end":{"line":120,"column":26}}],"line":120},"16":{"loc":{"start":{"line":123,"column":12},"end":{"line":128,"column":13}},"type":"if","locations":[{"start":{"line":123,"column":12},"end":{"line":128,"column":13}},{"start":{},"end":{}}],"line":123},"17":{"loc":{"start":{"line":149,"column":4},"end":{"line":153,"column":5}},"type":"if","locations":[{"start":{"line":149,"column":4},"end":{"line":153,"column":5}},{"start":{},"end":{}}],"line":149},"18":{"loc":{"start":{"line":149,"column":8},"end":{"line":149,"column":58}},"type":"binary-expr","locations":[{"start":{"line":149,"column":8},"end":{"line":149,"column":23}},{"start":{"line":149,"column":27},"end":{"line":149,"column":38}},{"start":{"line":149,"column":42},"end":{"line":149,"column":58}}],"line":149},"19":{"loc":{"start":{"line":165,"column":12},"end":{"line":165,"column":30}},"type":"binary-expr","locations":[{"start":{"line":165,"column":12},"end":{"line":165,"column":22}},{"start":{"line":165,"column":26},"end":{"line":165,"column":30}}],"line":165},"20":{"loc":{"start":{"line":167,"column":12},"end":{"line":167,"column":26}},"type":"binary-expr","locations":[{"start":{"line":167,"column":12},"end":{"line":167,"column":18}},{"start":{"line":167,"column":22},"end":{"line":167,"column":26}}],"line":167},"21":{"loc":{"start":{"line":171,"column":12},"end":{"line":176,"column":13}},"type":"if","locations":[{"start":{"line":171,"column":12},"end":{"line":176,"column":13}},{"start":{},"end":{}}],"line":171},"22":{"loc":{"start":{"line":178,"column":12},"end":{"line":182,"column":13}},"type":"if","locations":[{"start":{"line":178,"column":12},"end":{"line":182,"column":13}},{"start":{},"end":{}}],"line":178},"23":{"loc":{"start":{"line":197,"column":8},"end":{"line":202,"column":9}},"type":"if","locations":[{"start":{"line":197,"column":8},"end":{"line":202,"column":9}},{"start":{},"end":{}}],"line":197},"24":{"loc":{"start":{"line":204,"column":8},"end":{"line":208,"column":9}},"type":"if","locations":[{"start":{"line":204,"column":8},"end":{"line":208,"column":9}},{"start":{},"end":{}}],"line":204}},"s":{"0":3,"1":3,"2":3,"3":0,"4":0,"5":0,"6":0,"7":0,"8":3,"9":0,"10":0,"11":0,"12":0,"13":0,"14":0,"15":0,"16":0,"17":3,"18":0,"19":0,"20":0,"21":0,"22":0,"23":0,"24":0,"25":0,"26":0,"27":0,"28":0,"29":0,"30":0,"31":0,"32":0,"33":0,"34":0,"35":0,"36":0,"37":0,"38":0,"39":0,"40":3,"41":0,"42":0,"43":0,"44":0,"45":0,"46":0,"47":0,"48":0,"49":3,"50":0,"51":0,"52":0,"53":0,"54":0,"55":0,"56":0,"57":0,"58":0,"59":0,"60":0,"61":3,"62":0,"63":0,"64":0,"65":0,"66":0,"67":0,"68":0,"69":0,"70":3},"f":{"0":0,"1":0,"2":0,"3":0,"4":0,"5":0,"6":0,"7":0,"8":0,"9":0,"10":0,"11":0,"12":0},"b":{"0":[0,0],"1":[0,0],"2":[0,0],"3":[0,0],"4":[0,0],"5":[0,0],"6":[0,0],"7":[0,0],"8":[0,0],"9":[0,0],"10":[0,0],"11":[0,0],"12":[0,0],"13":[0,0,0],"14":[0,0],"15":[0,0],"16":[0,0],"17":[0,0],"18":[0,0,0],"19":[0,0],"20":[0,0],"21":[0,0],"22":[0,0],"23":[0,0],"24":[0,0]},"_coverageSchema":"1a1c01bbd47fc00a2c39e90264f33305004495a9","hash":"371ffd94e93f07569465285f56e5280fc79cac57"}
,"C:\\Users\\NIkITHA\\Downloads\\tour-planner-complete-fixed_1\\tour-planner-complete-fixed\\backend\\controllers\\itineraryController.js": {"path":"C:\\Users\\NIkITHA\\Downloads\\tour-planner-complete-fixed_1\\tour-planner-complete-fixed\\backend\\controllers\\itineraryController.js","statementMap":{"0":{"start":{"line":1,"column":11},"end":{"line":1,"column":34}},"1":{"start":{"line":6,"column":24},"end":{"line":14,"column":1}},"2":{"start":{"line":7,"column":21},"end":{"line":7,"column":69}},"3":{"start":{"line":8,"column":21},"end":{"line":8,"column":40}},"4":{"start":{"line":9,"column":18},"end":{"line":9,"column":34}},"5":{"start":{"line":10,"column":16},"end":{"line":10,"column":26}},"6":{"start":{"line":11,"column":4},"end":{"line":11,"column":54}},"7":{"start":{"line":11,"column":18},"end":{"line":11,"column":54}},"8":{"start":{"line":12,"column":4},"end":{"line":12,"column":45}},"9":{"start":{"line":12,"column":15},"end":{"line":12,"column":45}},"10":{"start":{"line":13,"column":4},"end":{"line":13,"column":29}},"11":{"start":{"line":17,"column":24},"end":{"line":36,"column":1}},"12":{"start":{"line":18,"column":19},"end":{"line":18,"column":30}},"13":{"start":{"line":19,"column":52},"end":{"line":19,"column":60}},"14":{"start":{"line":20,"column":33},"end":{"line":20,"column":58}},"15":{"start":{"line":22,"column":4},"end":{"line":24,"column":5}},"16":{"start":{"line":23,"column":8},"end":{"line":23,"column":98}},"17":{"start":{"line":26,"column":4},"end":{"line":35,"column":7}},"18":{"start":{"line":27,"column":8},"end":{"line":27,"column":93}},"19":{"start":{"line":27,"column":17},"end":{"line":27,"column":93}},"20":{"start":{"line":28,"column":8},"end":{"line":28,"column":112}},"21":{"start":{"line":28,"column":38},"end":{"line":28,"column":112}},"22":{"start":{"line":30,"column":28},"end":{"line":30,"column":131}},"23":{"start":{"line":31,"column":8},"end":{"line":34,"column":11}},"24":{"start":{"line":32,"column":12},"end":{"line":32,"column":102}},"25":{"start":{"line":32,"column":21},"end":{"line":32,"column":102}},"26":{"start":{"line":33,"column":12},"end":{"line":33,"column":110}},"27":{"start":{"line":39,"column":27},"end":{"line":73,"column":1}},"28":{"start":{"line":40,"column":19},"end":{"line":40,"column":30}},"29":{"start":{"line":41,"column":23},"end":{"line":41,"column":33}},"30":{"start":{"line":43,"column":4},"end":{"line":72,"column":7}},"31":{"start":{"line":44,"column":8},"end":{"line":44,"column":93}},"32":{"start":{"line":44,"column":17},"end":{"line":44,"column":93}},"33":{"start":{"line":45,"column":8},"end":{"line":45,"column":112}},"34":{"start":{"line":45,"column":38},"end":{"line":45,"column":112}},"35":{"start":{"line":47,"column":22},"end":{"line":53,"column":9}},"36":{"start":{"line":54,"column":8},"end":{"line":71,"column":11}},"37":{"start":{"line":55,"column":12},"end":{"line":55,"column":102}},"38":{"start":{"line":55,"column":21},"end":{"line":55,"column":102}},"39":{"start":{"line":57,"column":27},"end":{"line":68,"column":14}},"40":{"start":{"line":58,"column":28},"end":{"line":58,"column":58}},"41":{"start":{"line":59,"column":30},"end":{"line":59,"column":46}},"42":{"start":{"line":60,"column":33},"end":{"line":60,"column":47}},"43":{"start":{"line":61,"column":31},"end":{"line":61,"column":33}},"44":{"start":{"line":62,"column":28},"end":{"line":62,"column":30}},"45":{"start":{"line":63,"column":16},"end":{"line":66,"column":19}},"46":{"start":{"line":64,"column":20},"end":{"line":65,"column":87}},"47":{"start":{"line":64,"column":52},"end":{"line":64,"column":91}},"48":{"start":{"line":65,"column":25},"end":{"line":65,"column":87}},"49":{"start":{"line":65,"column":54},"end":{"line":65,"column":87}},"50":{"start":{"line":67,"column":16},"end":{"line":67,"column":60}},"51":{"start":{"line":70,"column":12},"end":{"line":70,"column":41}},"52":{"start":{"line":76,"column":24},"end":{"line":99,"column":1}},"53":{"start":{"line":77,"column":19},"end":{"line":77,"column":30}},"54":{"start":{"line":78,"column":19},"end":{"line":78,"column":29}},"55":{"start":{"line":79,"column":43},"end":{"line":79,"column":51}},"56":{"start":{"line":80,"column":33},"end":{"line":80,"column":58}},"57":{"start":{"line":82,"column":4},"end":{"line":84,"column":5}},"58":{"start":{"line":83,"column":8},"end":{"line":83,"column":89}},"59":{"start":{"line":86,"column":23},"end":{"line":86,"column":123}},"60":{"start":{"line":87,"column":4},"end":{"line":98,"column":7}},"61":{"start":{"line":88,"column":8},"end":{"line":88,"column":98}},"62":{"start":{"line":88,"column":17},"end":{"line":88,"column":98}},"63":{"start":{"line":89,"column":8},"end":{"line":89,"column":119}},"64":{"start":{"line":89,"column":34},"end":{"line":89,"column":119}},"65":{"start":{"line":91,"column":8},"end":{"line":97,"column":10}},"66":{"start":{"line":94,"column":16},"end":{"line":94,"column":106}},"67":{"start":{"line":94,"column":25},"end":{"line":94,"column":106}},"68":{"start":{"line":95,"column":16},"end":{"line":95,"column":84}},"69":{"start":{"line":102,"column":24},"end":{"line":116,"column":1}},"70":{"start":{"line":103,"column":19},"end":{"line":103,"column":30}},"71":{"start":{"line":104,"column":19},"end":{"line":104,"column":29}},"72":{"start":{"line":106,"column":23},"end":{"line":106,"column":123}},"73":{"start":{"line":107,"column":4},"end":{"line":115,"column":7}},"74":{"start":{"line":108,"column":8},"end":{"line":108,"column":98}},"75":{"start":{"line":108,"column":17},"end":{"line":108,"column":98}},"76":{"start":{"line":109,"column":8},"end":{"line":109,"column":119}},"77":{"start":{"line":109,"column":34},"end":{"line":109,"column":119}},"78":{"start":{"line":111,"column":8},"end":{"line":114,"column":11}},"79":{"start":{"line":112,"column":12},"end":{"line":112,"column":102}},"80":{"start":{"line":112,"column":21},"end":{"line":112,"column":102}},"81":{"start":{"line":113,"column":12},"end":{"line":113,"column":80}},"82":{"start":{"line":118,"column":0},"end":{"line":118,"column":91}}},"fnMap":{"0":{"name":"(anonymous_0)","decl":{"start":{"line":6,"column":24},"end":{"line":6,"column":25}},"loc":{"start":{"line":6,"column":34},"end":{"line":14,"column":1}},"line":6},"1":{"name":"(anonymous_1)","decl":{"start":{"line":17,"column":24},"end":{"line":17,"column":25}},"loc":{"start":{"line":17,"column":38},"end":{"line":36,"column":1}},"line":17},"2":{"name":"(anonymous_2)","decl":{"start":{"line":26,"column":89},"end":{"line":26,"column":90}},"loc":{"start":{"line":26,"column":111},"end":{"line":35,"column":5}},"line":26},"3":{"name":"(anonymous_3)","decl":{"start":{"line":31,"column":99},"end":{"line":31,"column":100}},"loc":{"start":{"line":31,"column":116},"end":{"line":34,"column":9}},"line":31},"4":{"name":"(anonymous_4)","decl":{"start":{"line":39,"column":27},"end":{"line":39,"column":28}},"loc":{"start":{"line":39,"column":41},"end":{"line":73,"column":1}},"line":39},"5":{"name":"(anonymous_5)","decl":{"start":{"line":43,"column":88},"end":{"line":43,"column":89}},"loc":{"start":{"line":43,"column":110},"end":{"line":72,"column":5}},"line":43},"6":{"name":"(anonymous_6)","decl":{"start":{"line":54,"column":34},"end":{"line":54,"column":35}},"loc":{"start":{"line":54,"column":52},"end":{"line":71,"column":9}},"line":54},"7":{"name":"(anonymous_7)","decl":{"start":{"line":57,"column":39},"end":{"line":57,"column":40}},"loc":{"start":{"line":57,"column":46},"end":{"line":68,"column":13}},"line":57},"8":{"name":"(anonymous_8)","decl":{"start":{"line":63,"column":39},"end":{"line":63,"column":40}},"loc":{"start":{"line":63,"column":44},"end":{"line":66,"column":17}},"line":63},"9":{"name":"(anonymous_9)","decl":{"start":{"line":76,"column":24},"end":{"line":76,"column":25}},"loc":{"start":{"line":76,"column":38},"end":{"line":99,"column":1}},"line":76},"10":{"name":"(anonymous_10)","decl":{"start":{"line":87,"column":39},"end":{"line":87,"column":40}},"loc":{"start":{"line":87,"column":57},"end":{"line":98,"column":5}},"line":87},"11":{"name":"(anonymous_11)","decl":{"start":{"line":93,"column":12},"end":{"line":93,"column":13}},"loc":{"start":{"line":93,"column":21},"end":{"line":96,"column":13}},"line":93},"12":{"name":"(anonymous_12)","decl":{"start":{"line":102,"column":24},"end":{"line":102,"column":25}},"loc":{"start":{"line":102,"column":38},"end":{"line":116,"column":1}},"line":102},"13":{"name":"(anonymous_13)","decl":{"start":{"line":107,"column":39},"end":{"line":107,"column":40}},"loc":{"start":{"line":107,"column":57},"end":{"line":115,"column":5}},"line":107},"14":{"name":"(anonymous_14)","decl":{"start":{"line":111,"column":61},"end":{"line":111,"column":62}},"loc":{"start":{"line":111,"column":70},"end":{"line":114,"column":9}},"line":111}},"branchMap":{"0":{"loc":{"start":{"line":7,"column":21},"end":{"line":7,"column":69}},"type":"binary-expr","locations":[{"start":{"line":7,"column":21},"end":{"line":7,"column":46}},{"start":{"line":7,"column":50},"end":{"line":7,"column":63}},{"start":{"line":7,"column":67},"end":{"line":7,"column":69}}],"line":7},"1":{"loc":{"start":{"line":8,"column":21},"end":{"line":8,"column":40}},"type":"binary-expr","locations":[{"start":{"line":8,"column":21},"end":{"line":8,"column":34}},{"start":{"line":8,"column":38},"end":{"line":8,"column":40}}],"line":8},"2":{"loc":{"start":{"line":9,"column":18},"end":{"line":9,"column":34}},"type":"binary-expr","locations":[{"start":{"line":9,"column":18},"end":{"line":9,"column":28}},{"start":{"line":9,"column":32},"end":{"line":9,"column":34}}],"line":9},"3":{"loc":{"start":{"line":11,"column":4},"end":{"line":11,"column":54}},"type":"if","locations":[{"start":{"line":11,"column":4},"end":{"line":11,"column":54}},{"start":{},"end":{}}],"line":11},"4":{"loc":{"start":{"line":12,"column":4},"end":{"line":12,"column":45}},"type":"if","locations":[{"start":{"line":12,"column":4},"end":{"line":12,"column":45}},{"start":{},"end":{}}],"line":12},"5":{"loc":{"start":{"line":22,"column":4},"end":{"line":24,"column":5}},"type":"if","locations":[{"start":{"line":22,"column":4},"end":{"line":24,"column":5}},{"start":{},"end":{}}],"line":22},"6":{"loc":{"start":{"line":22,"column":8},"end":{"line":22,"column":56}},"type":"binary-expr","locations":[{"start":{"line":22,"column":8},"end":{"line":22,"column":16}},{"start":{"line":22,"column":20},"end":{"line":22,"column":31}},{"start":{"line":22,"column":35},"end":{"line":22,"column":56}}],"line":22},"7":{"loc":{"start":{"line":27,"column":8},"end":{"line":27,"column":93}},"type":"if","locations":[{"start":{"line":27,"column":8},"end":{"line":27,"column":93}},{"start":{},"end":{}}],"line":27},"8":{"loc":{"start":{"line":28,"column":8},"end":{"line":28,"column":112}},"type":"if","locations":[{"start":{"line":28,"column":8},"end":{"line":28,"column":112}},{"start":{},"end":{}}],"line":28},"9":{"loc":{"start":{"line":31,"column":74},"end":{"line":31,"column":96}},"type":"binary-expr","locations":[{"start":{"line":31,"column":74},"end":{"line":31,"column":88}},{"start":{"line":31,"column":92},"end":{"line":31,"column":96}}],"line":31},"10":{"loc":{"start":{"line":32,"column":12},"end":{"line":32,"column":102}},"type":"if","locations":[{"start":{"line":32,"column":12},"end":{"line":32,"column":102}},{"start":{},"end":{}}],"line":32},"11":{"loc":{"start":{"line":44,"column":8},"end":{"line":44,"column":93}},"type":"if","locations":[{"start":{"line":44,"column":8},"end":{"line":44,"column":93}},{"start":{},"end":{}}],"line":44},"12":{"loc":{"start":{"line":45,"column":8},"end":{"line":45,"column":112}},"type":"if","locations":[{"start":{"line":45,"column":8},"end":{"line":45,"column":112}},{"start":{},"end":{}}],"line":45},"13":{"loc":{"start":{"line":55,"column":12},"end":{"line":55,"column":102}},"type":"if","locations":[{"start":{"line":55,"column":12},"end":{"line":55,"column":102}},{"start":{},"end":{}}],"line":55},"14":{"loc":{"start":{"line":58,"column":28},"end":{"line":58,"column":58}},"type":"binary-expr","locations":[{"start":{"line":58,"column":28},"end":{"line":58,"column":52}},{"start":{"line":58,"column":56},"end":{"line":58,"column":58}}],"line":58},"15":{"loc":{"start":{"line":60,"column":33},"end":{"line":60,"column":47}},"type":"binary-expr","locations":[{"start":{"line":60,"column":33},"end":{"line":60,"column":41}},{"start":{"line":60,"column":45},"end":{"line":60,"column":47}}],"line":60},"16":{"loc":{"start":{"line":64,"column":20},"end":{"line":65,"column":87}},"type":"if","locations":[{"start":{"line":64,"column":20},"end":{"line":65,"column":87}},{"start":{"line":65,"column":25},"end":{"line":65,"column":87}}],"line":64},"17":{"loc":{"start":{"line":65,"column":25},"end":{"line":65,"column":87}},"type":"if","locations":[{"start":{"line":65,"column":25},"end":{"line":65,"column":87}},{"start":{},"end":{}}],"line":65},"18":{"loc":{"start":{"line":82,"column":4},"end":{"line":84,"column":5}},"type":"if","locations":[{"start":{"line":82,"column":4},"end":{"line":84,"column":5}},{"start":{},"end":{}}],"line":82},"19":{"loc":{"start":{"line":82,"column":8},"end":{"line":82,"column":44}},"type":"binary-expr","locations":[{"start":{"line":82,"column":8},"end":{"line":82,"column":19}},{"start":{"line":82,"column":23},"end":{"line":82,"column":44}}],"line":82},"20":{"loc":{"start":{"line":88,"column":8},"end":{"line":88,"column":98}},"type":"if","locations":[{"start":{"line":88,"column":8},"end":{"line":88,"column":98}},{"start":{},"end":{}}],"line":88},"21":{"loc":{"start":{"line":89,"column":8},"end":{"line":89,"column":119}},"type":"if","locations":[{"start":{"line":89,"column":8},"end":{"line":89,"column":119}},{"start":{},"end":{}}],"line":89},"22":{"loc":{"start":{"line":92,"column":145},"end":{"line":92,"column":167}},"type":"binary-expr","locations":[{"start":{"line":92,"column":145},"end":{"line":92,"column":159}},{"start":{"line":92,"column":163},"end":{"line":92,"column":167}}],"line":92},"23":{"loc":{"start":{"line":94,"column":16},"end":{"line":94,"column":106}},"type":"if","locations":[{"start":{"line":94,"column":16},"end":{"line":94,"column":106}},{"start":{},"end":{}}],"line":94},"24":{"loc":{"start":{"line":108,"column":8},"end":{"line":108,"column":98}},"type":"if","locations":[{"start":{"line":108,"column":8},"end":{"line":108,"column":98}},{"start":{},"end":{}}],"line":108},"25":{"loc":{"start":{"line":109,"column":8},"end":{"line":109,"column":119}},"type":"if","locations":[{"start":{"line":109,"column":8},"end":{"line":109,"column":119}},{"start":{},"end":{}}],"line":109},"26":{"loc":{"start":{"line":112,"column":12},"end":{"line":112,"column":102}},"type":"if","locations":[{"start":{"line":112,"column":12},"end":{"line":112,"column":102}},{"start":{},"end":{}}],"line":112}},"s":{"0":3,"1":3,"2":0,"3":0,"4":0,"5":0,"6":0,"7":0,"8":0,"9":0,"10":0,"11":3,"12":0,"13":0,"14":0,"15":0,"16":0,"17":0,"18":0,"19":0,"20":0,"21":0,"22":0,"23":0,"24":0,"25":0,"26":0,"27":3,"28":0,"29":0,"30":0,"31":0,"32":0,"33":0,"34":0,"35":0,"36":0,"37":0,"38":0,"39":0,"40":0,"41":0,"42":0,"43":0,"44":0,"45":0,"46":0,"47":0,"48":0,"49":0,"50":0,"51":0,"52":3,"53":0,"54":0,"55":0,"56":0,"57":0,"58":0,"59":0,"60":0,"61":0,"62":0,"63":0,"64":0,"65":0,"66":0,"67":0,"68":0,"69":3,"70":0,"71":0,"72":0,"73":0,"74":0,"75":0,"76":0,"77":0,"78":0,"79":0,"80":0,"81":0,"82":3},"f":{"0":0,"1":0,"2":0,"3":0,"4":0,"5":0,"6":0,"7":0,"8":0,"9":0,"10":0,"11":0,"12":0,"13":0,"14":0},"b":{"0":[0,0,0],"1":[0,0],"2":[0,0],"3":[0,0],"4":[0,0],"5":[0,0],"6":[0,0,0],"7":[0,0],"8":[0,0],"9":[0,0],"10":[0,0],"11":[0,0],"12":[0,0],"13":[0,0],"14":[0,0],"15":[0,0],"16":[0,0],"17":[0,0],"18":[0,0],"19":[0,0],"20":[0,0],"21":[0,0],"22":[0,0],"23":[0,0],"24":[0,0],"25":[0,0],"26":[0,0]},"_coverageSchema":"1a1c01bbd47fc00a2c39e90264f33305004495a9","hash":"884768870b38c35c98be8784c44186d0e578e79b"}
,"C:\\Users\\NIkITHA\\Downloads\\tour-planner-complete-fixed_1\\tour-planner-complete-fixed\\backend\\controllers\\tourController.js": {"path":"C:\\Users\\NIkITHA\\Downloads\\tour-planner-complete-fixed_1\\tour-planner-complete-fixed\\backend\\controllers\\tourController.js","statementMap":{"0":{"start":{"line":1,"column":11},"end":{"line":1,"column":34}},"1":{"start":{"line":4,"column":19},"end":{"line":35,"column":1}},"2":{"start":{"line":5,"column":19},"end":{"line":5,"column":30}},"3":{"start":{"line":6,"column":64},"end":{"line":6,"column":72}},"4":{"start":{"line":8,"column":4},"end":{"line":12,"column":5}},"5":{"start":{"line":9,"column":8},"end":{"line":11,"column":11}},"6":{"start":{"line":14,"column":18},"end":{"line":17,"column":3}},"7":{"start":{"line":19,"column":4},"end":{"line":34,"column":6}},"8":{"start":{"line":22,"column":12},"end":{"line":27,"column":13}},"9":{"start":{"line":23,"column":16},"end":{"line":26,"column":19}},"10":{"start":{"line":29,"column":12},"end":{"line":32,"column":15}},"11":{"start":{"line":38,"column":19},"end":{"line":53,"column":1}},"12":{"start":{"line":39,"column":19},"end":{"line":39,"column":30}},"13":{"start":{"line":41,"column":18},"end":{"line":41,"column":79}},"14":{"start":{"line":43,"column":4},"end":{"line":52,"column":7}},"15":{"start":{"line":44,"column":8},"end":{"line":49,"column":9}},"16":{"start":{"line":45,"column":12},"end":{"line":48,"column":15}},"17":{"start":{"line":51,"column":8},"end":{"line":51,"column":38}},"18":{"start":{"line":56,"column":20},"end":{"line":78,"column":1}},"19":{"start":{"line":57,"column":19},"end":{"line":57,"column":30}},"20":{"start":{"line":58,"column":19},"end":{"line":58,"column":29}},"21":{"start":{"line":60,"column":18},"end":{"line":60,"column":73}},"22":{"start":{"line":62,"column":4},"end":{"line":77,"column":7}},"23":{"start":{"line":63,"column":8},"end":{"line":68,"column":9}},"24":{"start":{"line":64,"column":12},"end":{"line":67,"column":15}},"25":{"start":{"line":70,"column":8},"end":{"line":74,"column":9}},"26":{"start":{"line":71,"column":12},"end":{"line":73,"column":15}},"27":{"start":{"line":76,"column":8},"end":{"line":76,"column":41}},"28":{"start":{"line":81,"column":19},"end":{"line":119,"column":1}},"29":{"start":{"line":82,"column":19},"end":{"line":82,"column":30}},"30":{"start":{"line":83,"column":19},"end":{"line":83,"column":29}},"31":{"start":{"line":84,"column":64},"end":{"line":84,"column":72}},"32":{"start":{"line":86,"column":4},"end":{"line":90,"column":5}},"33":{"start":{"line":87,"column":8},"end":{"line":89,"column":11}},"34":{"start":{"line":92,"column":18},"end":{"line":96,"column":3}},"35":{"start":{"line":98,"column":4},"end":{"line":118,"column":6}},"36":{"start":{"line":101,"column":12},"end":{"line":106,"column":13}},"37":{"start":{"line":102,"column":16},"end":{"line":105,"column":19}},"38":{"start":{"line":108,"column":12},"end":{"line":112,"column":13}},"39":{"start":{"line":109,"column":16},"end":{"line":111,"column":19}},"40":{"start":{"line":114,"column":12},"end":{"line":116,"column":15}},"41":{"start":{"line":122,"column":19},"end":{"line":146,"column":1}},"42":{"start":{"line":123,"column":19},"end":{"line":123,"column":30}},"43":{"start":{"line":124,"column":19},"end":{"line":124,"column":29}},"44":{"start":{"line":126,"column":18},"end":{"line":126,"column":71}},"45":{"start":{"line":128,"column":4},"end":{"line":145,"column":7}},"46":{"start":{"line":129,"column":8},"end":{"line":134,"column":9}},"47":{"start":{"line":130,"column":12},"end":{"line":133,"column":15}},"48":{"start":{"line":136,"column":8},"end":{"line":140,"column":9}},"49":{"start":{"line":137,"column":12},"end":{"line":139,"column":15}},"50":{"start":{"line":142,"column":8},"end":{"line":144,"column":11}},"51":{"start":{"line":148,"column":0},"end":{"line":154,"column":2}}},"fnMap":{"0":{"name":"(anonymous_0)","decl":{"start":{"line":4,"column":19},"end":{"line":4,"column":20}},"loc":{"start":{"line":4,"column":33},"end":{"line":35,"column":1}},"line":4},"1":{"name":"(anonymous_1)","decl":{"start":{"line":21,"column":8},"end":{"line":21,"column":9}},"loc":{"start":{"line":21,"column":25},"end":{"line":33,"column":9}},"line":21},"2":{"name":"(anonymous_2)","decl":{"start":{"line":38,"column":19},"end":{"line":38,"column":20}},"loc":{"start":{"line":38,"column":33},"end":{"line":53,"column":1}},"line":38},"3":{"name":"(anonymous_3)","decl":{"start":{"line":43,"column":30},"end":{"line":43,"column":31}},"loc":{"start":{"line":43,"column":48},"end":{"line":52,"column":5}},"line":43},"4":{"name":"(anonymous_4)","decl":{"start":{"line":56,"column":20},"end":{"line":56,"column":21}},"loc":{"start":{"line":56,"column":34},"end":{"line":78,"column":1}},"line":56},"5":{"name":"(anonymous_5)","decl":{"start":{"line":62,"column":34},"end":{"line":62,"column":35}},"loc":{"start":{"line":62,"column":52},"end":{"line":77,"column":5}},"line":62},"6":{"name":"(anonymous_6)","decl":{"start":{"line":81,"column":19},"end":{"line":81,"column":20}},"loc":{"start":{"line":81,"column":33},"end":{"line":119,"column":1}},"line":81},"7":{"name":"(anonymous_7)","decl":{"start":{"line":100,"column":8},"end":{"line":100,"column":9}},"loc":{"start":{"line":100,"column":25},"end":{"line":117,"column":9}},"line":100},"8":{"name":"(anonymous_8)","decl":{"start":{"line":122,"column":19},"end":{"line":122,"column":20}},"loc":{"start":{"line":122,"column":33},"end":{"line":146,"column":1}},"line":122},"9":{"name":"(anonymous_9)","decl":{"start":{"line":128,"column":34},"end":{"line":128,"column":35}},"loc":{"start":{"line":128,"column":51},"end":{"line":145,"column":5}},"line":128}},"branchMap":{"0":{"loc":{"start":{"line":8,"column":4},"end":{"line":12,"column":5}},"type":"if","locations":[{"start":{"line":8,"column":4},"end":{"line":12,"column":5}},{"start":{},"end":{}}],"line":8},"1":{"loc":{"start":{"line":8,"column":8},"end":{"line":8,"column":57}},"type":"binary-expr","locations":[{"start":{"line":8,"column":8},"end":{"line":8,"column":14}},{"start":{"line":8,"column":18},"end":{"line":8,"column":29}},{"start":{"line":8,"column":33},"end":{"line":8,"column":42}},{"start":{"line":8,"column":46},"end":{"line":8,"column":57}}],"line":8},"2":{"loc":{"start":{"line":20,"column":65},"end":{"line":20,"column":84}},"type":"binary-expr","locations":[{"start":{"line":20,"column":65},"end":{"line":20,"column":71}},{"start":{"line":20,"column":75},"end":{"line":20,"column":84}}],"line":20},"3":{"loc":{"start":{"line":22,"column":12},"end":{"line":27,"column":13}},"type":"if","locations":[{"start":{"line":22,"column":12},"end":{"line":27,"column":13}},{"start":{},"end":{}}],"line":22},"4":{"loc":{"start":{"line":44,"column":8},"end":{"line":49,"column":9}},"type":"if","locations":[{"start":{"line":44,"column":8},"end":{"line":49,"column":9}},{"start":{},"end":{}}],"line":44},"5":{"loc":{"start":{"line":63,"column":8},"end":{"line":68,"column":9}},"type":"if","locations":[{"start":{"line":63,"column":8},"end":{"line":68,"column":9}},{"start":{},"end":{}}],"line":63},"6":{"loc":{"start":{"line":70,"column":8},"end":{"line":74,"column":9}},"type":"if","locations":[{"start":{"line":70,"column":8},"end":{"line":74,"column":9}},{"start":{},"end":{}}],"line":70},"7":{"loc":{"start":{"line":86,"column":4},"end":{"line":90,"column":5}},"type":"if","locations":[{"start":{"line":86,"column":4},"end":{"line":90,"column":5}},{"start":{},"end":{}}],"line":86},"8":{"loc":{"start":{"line":86,"column":8},"end":{"line":86,"column":57}},"type":"binary-expr","locations":[{"start":{"line":86,"column":8},"end":{"line":86,"column":14}},{"start":{"line":86,"column":18},"end":{"line":86,"column":29}},{"start":{"line":86,"column":33},"end":{"line":86,"column":42}},{"start":{"line":86,"column":46},"end":{"line":86,"column":57}}],"line":86},"9":{"loc":{"start":{"line":99,"column":57},"end":{"line":99,"column":76}},"type":"binary-expr","locations":[{"start":{"line":99,"column":57},"end":{"line":99,"column":63}},{"start":{"line":99,"column":67},"end":{"line":99,"column":76}}],"line":99},"10":{"loc":{"start":{"line":101,"column":12},"end":{"line":106,"column":13}},"type":"if","locations":[{"start":{"line":101,"column":12},"end":{"line":106,"column":13}},{"start":{},"end":{}}],"line":101},"11":{"loc":{"start":{"line":108,"column":12},"end":{"line":112,"column":13}},"type":"if","locations":[{"start":{"line":108,"column":12},"end":{"line":112,"column":13}},{"start":{},"end":{}}],"line":108},"12":{"loc":{"start":{"line":129,"column":8},"end":{"line":134,"column":9}},"type":"if","locations":[{"start":{"line":129,"column":8},"end":{"line":134,"column":9}},{"start":{},"end":{}}],"line":129},"13":{"loc":{"start":{"line":136,"column":8},"end":{"line":140,"column":9}},"type":"if","locations":[{"start":{"line":136,"column":8},"end":{"line":140,"column":9}},{"start":{},"end":{}}],"line":136}},"s":{"0":3,"1":3,"2":0,"3":0,"4":0,"5":0,"6":0,"7":0,"8":0,"9":0,"10":0,"11":3,"12":0,"13":0,"14":0,"15":0,"16":0,"17":0,"18":3,"19":0,"20":0,"21":0,"22":0,"23":0,"24":0,"25":0,"26":0,"27":0,"28":3,"29":0,"30":0,"31":0,"32":0,"33":0,"34":0,"35":0,"36":0,"37":0,"38":0,"39":0,"40":0,"41":3,"42":0,"43":0,"44":0,"45":0,"46":0,"47":0,"48":0,"49":0,"50":0,"51":3},"f":{"0":0,"1":0,"2":0,"3":0,"4":0,"5":0,"6":0,"7":0,"8":0,"9":0},"b":{"0":[0,0],"1":[0,0,0,0],"2":[0,0],"3":[0,0],"4":[0,0],"5":[0,0],"6":[0,0],"7":[0,0],"8":[0,0,0,0],"9":[0,0],"10":[0,0],"11":[0,0],"12":[0,0],"13":[0,0]},"_coverageSchema":"1a1c01bbd47fc00a2c39e90264f33305004495a9","hash":"83146d8c469337a5197ee1e339f09597d22571d9"}
,"C:\\Users\\NIkITHA\\Downloads\\tour-planner-complete-fixed_1\\tour-planner-complete-fixed\\backend\\controllers\\transportController.js": {"path":"C:\\Users\\NIkITHA\\Downloads\\tour-planner-complete-fixed_1\\tour-planner-complete-fixed\\backend\\controllers\\transportController.js","statementMap":{"0":{"start":{"line":1,"column":11},"end":{"line":1,"column":34}},"1":{"start":{"line":2,"column":26},"end":{"line":2,"column":73}},"2":{"start":{"line":5,"column":24},"end":{"line":18,"column":1}},"3":{"start":{"line":6,"column":18},"end":{"line":6,"column":43}},"4":{"start":{"line":8,"column":4},"end":{"line":17,"column":7}},"5":{"start":{"line":9,"column":8},"end":{"line":14,"column":9}},"6":{"start":{"line":10,"column":12},"end":{"line":13,"column":15}},"7":{"start":{"line":16,"column":8},"end":{"line":16,"column":38}},"8":{"start":{"line":21,"column":25},"end":{"line":41,"column":1}},"9":{"start":{"line":22,"column":19},"end":{"line":22,"column":29}},"10":{"start":{"line":23,"column":18},"end":{"line":23,"column":56}},"11":{"start":{"line":25,"column":4},"end":{"line":40,"column":7}},"12":{"start":{"line":26,"column":8},"end":{"line":31,"column":9}},"13":{"start":{"line":27,"column":12},"end":{"line":30,"column":15}},"14":{"start":{"line":33,"column":8},"end":{"line":37,"column":9}},"15":{"start":{"line":34,"column":12},"end":{"line":36,"column":15}},"16":{"start":{"line":39,"column":8},"end":{"line":39,"column":41}},"17":{"start":{"line":44,"column":28},"end":{"line":107,"column":1}},"18":{"start":{"line":45,"column":40},"end":{"line":45,"column":50}},"19":{"start":{"line":46,"column":50},"end":{"line":46,"column":59}},"20":{"start":{"line":48,"column":29},"end":{"line":48,"column":105}},"21":{"start":{"line":49,"column":26},"end":{"line":49,"column":100}},"22":{"start":{"line":51,"column":24},"end":{"line":51,"column":65}},"23":{"start":{"line":52,"column":4},"end":{"line":106,"column":7}},"24":{"start":{"line":53,"column":8},"end":{"line":58,"column":9}},"25":{"start":{"line":54,"column":12},"end":{"line":57,"column":15}},"26":{"start":{"line":60,"column":8},"end":{"line":62,"column":9}},"27":{"start":{"line":61,"column":12},"end":{"line":61,"column":85}},"28":{"start":{"line":64,"column":26},"end":{"line":64,"column":67}},"29":{"start":{"line":65,"column":8},"end":{"line":105,"column":11}},"30":{"start":{"line":66,"column":12},"end":{"line":71,"column":13}},"31":{"start":{"line":67,"column":16},"end":{"line":70,"column":19}},"32":{"start":{"line":73,"column":12},"end":{"line":75,"column":13}},"33":{"start":{"line":74,"column":16},"end":{"line":74,"column":82}},"34":{"start":{"line":77,"column":27},"end":{"line":77,"column":43}},"35":{"start":{"line":78,"column":32},"end":{"line":78,"column":46}},"36":{"start":{"line":80,"column":35},"end":{"line":80,"column":65}},"37":{"start":{"line":81,"column":33},"end":{"line":81,"column":73}},"38":{"start":{"line":83,"column":12},"end":{"line":91,"column":13}},"39":{"start":{"line":84,"column":32},"end":{"line":84,"column":145}},"40":{"start":{"line":86,"column":16},"end":{"line":88,"column":17}},"41":{"start":{"line":87,"column":20},"end":{"line":87,"column":57}},"42":{"start":{"line":90,"column":16},"end":{"line":90,"column":95}},"43":{"start":{"line":94,"column":26},"end":{"line":94,"column":106}},"44":{"start":{"line":95,"column":12},"end":{"line":104,"column":15}},"45":{"start":{"line":96,"column":16},"end":{"line":101,"column":17}},"46":{"start":{"line":97,"column":20},"end":{"line":100,"column":23}},"47":{"start":{"line":103,"column":16},"end":{"line":103,"column":46}},"48":{"start":{"line":110,"column":34},"end":{"line":153,"column":1}},"49":{"start":{"line":111,"column":30},"end":{"line":111,"column":40}},"50":{"start":{"line":113,"column":29},"end":{"line":113,"column":70}},"51":{"start":{"line":115,"column":4},"end":{"line":152,"column":7}},"52":{"start":{"line":116,"column":8},"end":{"line":121,"column":9}},"53":{"start":{"line":117,"column":12},
[...]
,"column":9}},"loc":{"start":{"line":232,"column":25},"end":{"line":249,"column":9}},"line":232},"15":{"name":"(anonymous_15)","decl":{"start":{"line":254,"column":24},"end":{"line":254,"column":25}},"loc":{"start":{"line":254,"column":38},"end":{"line":276,"column":1}},"line":254},"16":{"name":"(anonymous_16)","decl":{"start":{"line":258,"column":26},"end":{"line":258,"column":27}},"loc":{"start":{"line":258,"column":43},"end":{"line":275,"column":5}},"line":258}},"branchMap":{"0":{"loc":{"start":{"line":9,"column":8},"end":{"line":14,"column":9}},"type":"if","locations":[{"start":{"line":9,"column":8},"end":{"line":14,"column":9}},{"start":{},"end":{}}],"line":9},"1":{"loc":{"start":{"line":26,"column":8},"end":{"line":31,"column":9}},"type":"if","locations":[{"start":{"line":26,"column":8},"end":{"line":31,"column":9}},{"start":{},"end":{}}],"line":26},"2":{"loc":{"start":{"line":33,"column":8},"end":{"line":37,"column":9}},"type":"if","locations":[{"start":{"line":33,"column":8},"end":{"line":37,"column":9}},{"start":{},"end":{}}],"line":33},"3":{"loc":{"start":{"line":48,"column":29},"end":{"line":48,"column":105}},"type":"binary-expr","locations":[{"start":{"line":48,"column":29},"end":{"line":48,"column":42}},{"start":{"line":48,"column":46},"end":{"line":48,"column":105}}],"line":48},"4":{"loc":{"start":{"line":49,"column":26},"end":{"line":49,"column":100}},"type":"binary-expr","locations":[{"start":{"line":49,"column":26},"end":{"line":49,"column":36}},{"start":{"line":49,"column":40},"end":{"line":49,"column":100}}],"line":49},"5":{"loc":{"start":{"line":53,"column":8},"end":{"line":58,"column":9}},"type":"if","locations":[{"start":{"line":53,"column":8},"end":{"line":58,"column":9}},{"start":{},"end":{}}],"line":53},"6":{"loc":{"start":{"line":60,"column":8},"end":{"line":62,"column":9}},"type":"if","locations":[{"start":{"line":60,"column":8},"end":{"line":62,"column":9}},{"start":{},"end":{}}],"line":60},"7":{"loc":{"start":{"line":66,"column":12},"end":{"line":71,"column":13}},"type":"if","locations":[{"start":{"line":66,"column":12},"end":{"line":71,"column":13}},{"start":{},"end":{}}],"line":66},"8":{"loc":{"start":{"line":73,"column":12},"end":{"line":75,"column":13}},"type":"if","locations":[{"start":{"line":73,"column":12},"end":{"line":75,"column":13}},{"start":{},"end":{}}],"line":73},"9":{"loc":{"start":{"line":80,"column":35},"end":{"line":80,"column":65}},"type":"binary-expr","locations":[{"start":{"line":80,"column":35},"end":{"line":80,"column":50}},{"start":{"line":80,"column":54},"end":{"line":80,"column":65}}],"line":80},"10":{"loc":{"start":{"line":81,"column":33},"end":{"line":81,"column":73}},"type":"binary-expr","locations":[{"start":{"line":81,"column":33},"end":{"line":81,"column":53}},{"start":{"line":81,"column":57},"end":{"line":81,"column":73}}],"line":81},"11":{"loc":{"start":{"line":84,"column":133},"end":{"line":84,"column":144}},"type":"binary-expr","locations":[{"start":{"line":84,"column":133},"end":{"line":84,"column":139}},{"start":{"line":84,"column":143},"end":{"line":84,"column":144}}],"line":84},"12":{"loc":{"start":{"line":86,"column":16},"end":{"line":88,"column":17}},"type":"if","locations":[{"start":{"line":86,"column":16},"end":{"line":88,"column":17}},{"start":{},"end":{}}],"line":86},"13":{"loc":{"start":{"line":86,"column":20},"end":{"line":86,"column":64}},"type":"binary-expr","locations":[{"start":{"line":86,"column":20},"end":{"line":86,"column":42}},{"start":{"line":86,"column":46},"end":{"line":86,"column":64}}],"line":86},"14":{"loc":{"start":{"line":96,"column":16},"end":{"line":101,"column":17}},"type":"if","locations":[{"start":{"line":96,"column":16},"end":{"line":101,"column":17}},{"start":{},"end":{}}],"line":96},"15":{"loc":{"start":{"line":116,"column":8},"end":{"line":121,"column":9}},"type":"if","locations":[{"start":{"line":116,"column":8},"end":{"line":121,"column":9}},{"start":{},"end":{}}],"line":116},"16":{"loc":{"start":{"line":123,"column":8},"end":{"line":125,"column":9}},"type":"if","locations":[{"start":{"line":123,"column":8},"end":{"line":125,"column":9}},{"start":{},"end":{}}],"line":123},"17":{"loc":{"start":{"line":128,"column":25},"end":{"line":128,"column":65}},"type":"binary-expr","locations":[{"start":{"line":128,"column":25},"end":{"line":128,"column":45}},{"start":{"line":128,"column":49},"end":{"line":128,"column":65}}],"line":128},"18":{"loc":{"start":{"line":133,"column":12},"end":{"line":135,"column":13}},"type":"if","locations":[{"start":{"line":133,"column":12},"end":{"line":135,"column":13}},{"start":{},"end":{}}],"line":133},"19":{"loc":{"start":{"line":133,"column":16},"end":{"line":133,"column":66}},"type":"binary-expr","locations":[{"start":{"line":133,"column":16},"end":{"line":133,"column":41}},{"start":{"line":133,"column":45},"end":{"line":133,"column":66}}],"line":133},"20":{"loc":{"start":{"line":143,"column":12},"end":{"line":148,"column":13}},"type":"if","locations":[{"start":{"line":143,"column":12},"end":{"line":148,"column":13}},{"start":{},"end":{}}],"line":143},"21":{"loc":{"start":{"line":165,"column":4},"end":{"line":169,"column":5}},"type":"if","locations":[{"start":{"line":165,"column":4},"end":{"line":169,"column":5}},{"start":{},"end":{}}],"line":165},"22":{"loc":{"start":{"line":165,"column":8},"end":{"line":165,"column":68}},"type":"binary-expr","locations":[{"start":{"line":165,"column":8},"end":{"line":165,"column":30}},{"start":{"line":165,"column":34},"end":{"line":165,"column":49}},{"start":{"line":165,"column":53},"end":{"line":165,"column":58}},{"start":{"line":165,"column":62},"end":{"line":165,"column":68}}],"line":165},"23":{"loc":{"start":{"line":182,"column":12},"end":{"line":182,"column":28}},"type":"binary-expr","locations":[{"start":{"line":182,"column":12},"end":{"line":182,"column":20}},{"start":{"line":182,"column":24},"end":{"line":182,"column":28}}],"line":182},"24":{"loc":{"start":{"line":185,"column":12},"end":{"line":190,"column":13}},"type":"if","locations":[{"start":{"line":185,"column":12},"end":{"line":190,"column":13}},{"start":{},"end":{}}],"line":185},"25":{"loc":{"start":{"line":211,"column":4},"end":{"line":215,"column":5}},"type":"if","locations":[{"start":{"line":211,"column":4},"end":{"line":215,"column":5}},{"start":{},"end":{}}],"line":211},"26":{"loc":{"start":{"line":211,"column":8},"end":{"line":211,"column":68}},"type":"binary-expr","locations":[{"start":{"line":211,"column":8},"end":{"line":211,"column":30}},{"start":{"line":211,"column":34},"end":{"line":211,"column":49}},{"start":{"line":211,"column":53},"end":{"line":211,"column":58}},{"start":{"line":211,"column":62},"end":{"line":211,"column":68}}],"line":211},"27":{"loc":{"start":{"line":229,"column":12},"end":{"line":229,"column":28}},"type":"binary-expr","locations":[{"start":{"line":229,"column":12},"end":{"line":229,"column":20}},{"start":{"line":229,"column":24},"end":{"line":229,"column":28}}],"line":229},"28":{"loc":{"start":{"line":233,"column":12},"end":{"line":238,"column":13}},"type":"if","locations":[{"start":{"line":233,"column":12},"end":{"line":238,"column":13}},{"start":{},"end":{}}],"line":233},"29":{"loc":{"start":{"line":240,"column":12},"end":{"line":244,"column":13}},"type":"if","locations":[{"start":{"line":240,"column":12},"end":{"line":244,"column":13}},{"start":{},"end":{}}],"line":240},"30":{"loc":{"start":{"line":259,"column":8},"end":{"line":264,"column":9}},"type":"if","locations":[{"start":{"line":259,"column":8},"end":{"line":264,"column":9}},{"start":{},"end":{}}],"line":259},"31":{"loc":{"start":{"line":266,"column":8},"end":{"line":270,"column":9}},"type":"if","locations":[{"start":{"line":266,"column":8},"end":{"line":270,"column":9}},{"start":{},"end":{}}],"line":266}},"s":{"0":3,"1":3,"2":3,"3":0,"4":0,"5":0,"6":0,"7":0,"8":3,"9":0,"10":0,"11":0,"12":0,"13":0,"14":0,"15":0,"16":0,"17":3,"18":0,"19":0,"20":0,"21":0,"22":0,"23":0,"24":0,"25":0,"26":0,"27":0,"28":0,"29":0,"30":0,"31":0,"32":0,"33":0,"34":0,"35":0,"36":0,"37":0,"38":0,"39":0,"40":0,"41":0,"42":0,"43":0,"44":0,"45":0,"46":0,"47":0,"48":3,"49":0,"50":0,"51":0,"52":0,"53":0,"54":0,"55":0,"56":0,"57":0,"58":0,"59":0,"60":0,"61":0,"62":0,"63":0,"64":0,"65":0,"66":0,"67":0,"68":3,"69":0,"70":0,"71":0,"72":0,"73":0,"74":0,"75":0,"76":0,"77":3,"78":0,"79":0,"80":0,"81":0,"82":0,"83":0,"84":0,"85":0,"86":0,"87":0,"88":0,"89":3,"90":0,"91":0,"92":0,"93":0,"94":0,"95":0,"96":0,"97":0,"98":3},"f":{"0":0,"1":0,"2":0,"3":0,"4":0,"5":0,"6":0,"7":0,"8":0,"9":0,"10":0,"11":0,"12":0,"13":0,"14":0,"15":0,"16":0},"b":{"0":[0,0],"1":[0,0],"2":[0,0],"3":[0,0],"4":[0,0],"5":[0,0],"6":[0,0],"7":[0,0],"8":[0,0],"9":[0,0],"10":[0,0],"11":[0,0],"12":[0,0],"13":[0,0],"14":[0,0],"15":[0,0],"16":[0,0],"17":[0,0],"18":[0,0],"19":[0,0],"20":[0,0],"21":[0,0],"22":[0,0,0,0],"23":[0,0],"24":[0,0],"25":[0,0],"26":[0,0,0,0],"27":[0,0],"28":[0,0],"29":[0,0],"30":[0,0],"31":[0,0]},"_coverageSchema":"1a1c01bbd47fc00a2c39e90264f33305004495a9","hash":"d1f0ca6f1e52dfb1699e89b17d0fedf7dd4d0c8e"}
,"C:\\Users\\NIkITHA\\Downloads\\tour-planner-complete-fixed_1\\tour-planner-complete-fixed\\backend\\middleware\\authMiddleware.js": {"path":"C:\\Users\\NIkITHA\\Downloads\\tour-planner-complete-fixed_1\\tour-planner-complete-fixed\\backend\\middleware\\authMiddleware.js","statementMap":{"0":{"start":{"line":1,"column":12},"end":{"line":1,"column":35}},"1":{"start":{"line":3,"column":20},"end":{"line":19,"column":1}},"2":{"start":{"line":4,"column":23},"end":{"line":4,"column":48}},"3":{"start":{"line":6,"column":4},"end":{"line":8,"column":5}},"4":{"start":{"line":7,"column":8},"end":{"line":7,"column":70}},"5":{"start":{"line":10,"column":18},"end":{"line":10,"column":42}},"6":{"start":{"line":12,"column":4},"end":{"line":18,"column":5}},"7":{"start":{"line":13,"column":24},"end":{"line":13,"column":65}},"8":{"start":{"line":14,"column":8},"end":{"line":14,"column":27}},"9":{"start":{"line":15,"column":8},"end":{"line":15,"column":15}},"10":{"start":{"line":17,"column":8},"end":{"line":17,"column":77}},"11":{"start":{"line":21,"column":20},"end":{"line":26,"column":1}},"12":{"start":{"line":22,"column":4},"end":{"line":24,"column":5}},"13":{"start":{"line":23,"column":8},"end":{"line":23,"column":70}},"14":{"start":{"line":25,"column":4},"end":{"line":25,"column":11}},"15":{"start":{"line":28,"column":0},"end":{"line":28,"column":46}}},"fnMap":{"0":{"name":"(anonymous_0)","decl":{"start":{"line":3,"column":20},"end":{"line":3,"column":21}},"loc":{"start":{"line":3,"column":40},"end":{"line":19,"column":1}},"line":3},"1":{"name":"(anonymous_1)","decl":{"start":{"line":21,"column":20},"end":{"line":21,"column":21}},"loc":{"start":{"line":21,"column":40},"end":{"line":26,"column":1}},"line":21}},"branchMap":{"0":{"loc":{"start":{"line":6,"column":4},"end":{"line":8,"column":5}},"type":"if","locations":[{"start":{"line":6,"column":4},"end":{"line":8,"column":5}},{"start":{},"end":{}}],"line":6},"1":{"loc":{"start":{"line":6,"column":8},"end":{"line":6,"column":56}},"type":"binary-expr","locations":[{"start":{"line":6,"column":8},"end":{"line":6,"column":19}},{"start":{"line":6,"column":23},"end":{"line":6,"column":56}}],"line":6},"2":{"loc":{"start":{"line":22,"column":4},"end":{"line":24,"column":5}},"type":"if","locations":[{"start":{"line":22,"column":4},"end":{"line":24,"column":5}},{"start":{},"end":{}}],"line":22}},"s":{"0":3,"1":3,"2":0,"3":0,"4":0,"5":0,"6":0,"7":0,"8":0,"9":0,"10":0,"11":3,"12":0,"13":0,"14":0,"15":3},"f":{"0":0,"1":0},"b":{"0":[0,0],"1":[0,0],"2":[0,0]},"_coverageSchema":"1a1c01bbd47fc00a2c39e90264f33305004495a9","hash":"678e4b6d57e5373a1276e43745d87a2dc9261c26"}
,"C:\\Users\\NIkITHA\\Downloads\\tour-planner-complete-fixed_1\\tour-planner-complete-fixed\\backend\\routes\\authRoutes.js": {"path":"C:\\Users\\NIkITHA\\Downloads\\tour-planner-complete-fixed_1\\tour-planner-complete-fixed\\backend\\routes\\authRoutes.js","statementMap":{"0":{"start":{"line":1,"column":16},"end":{"line":1,"column":34}},"1":{"start":{"line":2,"column":15},"end":{"line":2,"column":31}},"2":{"start":{"line":3,"column":93},"end":{"line":3,"column":133}},"3":{"start":{"line":4,"column":37},"end":{"line":4,"column":76}},"4":{"start":{"line":6,"column":0},"end":{"line":6,"column":39}},"5":{"start":{"line":7,"column":0},"end":{"line":7,"column":33}},"6":{"start":{"line":8,"column":0},"end":{"line":8,"column":51}},"7":{"start":{"line":9,"column":0},"end":{"line":9,"column":60}},"8":{"start":{"line":12,"column":0},"end":{"line":12,"column":66}},"9":{"start":{"line":13,"column":0},"end":{"line":13,"column":66}},"10":{"start":{"line":15,"column":0},"end":{"line":15,"column":24}}},"fnMap":{},"branchMap":{},"s":{"0":3,"1":3,"2":3,"3":3,"4":3,"5":3,"6":3,"7":3,"8":3,"9":3,"10":3},"f":{},"b":{},"_coverageSchema":"1a1c01bbd47fc00a2c39e90264f33305004495a9","hash":"947d14b010c9605e08cbf3fe3d5deb0ec718fb7a"}
,"C:\\Users\\NIkITHA\\Downloads\\tour-planner-complete-fixed_1\\tour-planner-complete-fixed\\backend\\routes\\budgetRoutes.js": {"path":"C:\\Users\\NIkITHA\\Downloads\\tour-planner-complete-fixed_1\\tour-planner-complete-fixed\\backend\\routes\\budgetRoutes.js","statementMap":{"0":{"start":{"line":1,"column":16},"end":{"line":1,"column":34}},"1":{"start":{"line":2,"column":15},"end":{"line":2,"column":31}},"2":{"start":{"line":9,"column":4},"end":{"line":9,"column":46}},"3":{"start":{"line":11,"column":24},"end":{"line":11,"column":63}},"4":{"start":{"line":13,"column":0},"end":{"line":13,"column":44}},"5":{"start":{"line":14,"column":0},"end":{"line":14,"column":58}},"6":{"start":{"line":15,"column":0},"end":{"line":15,"column":46}},"7":{"start":{"line":16,"column":0},"end":{"line":16,"column":49}},"8":{"start":{"line":18,"column":0},"end":{"line":18,"column":24}}},"fnMap":{},"branchMap":{},"s":{"0":3,"1":3,"2":3,"3":3,"4":3,"5":3,"6":3,"7":3,"8":3},"f":{},"b":{},"_coverageSchema":"1a1c01bbd47fc00a2c39e90264f33305004495a9","hash":"106e358cd187d72e003678610130f6f190a61d9b"}
,"C:\\Users\\NIkITHA\\Downloads\\tour-planner-complete-fixed_1\\tour-planner-complete-fixed\\backend\\routes\\destinationRoutes.js": {"path":"C:\\Users\\NIkITHA\\Downloads\\tour-planner-complete-fixed_1\\tour-planner-complete-fixed\\backend\\routes\\destinationRoutes.js","statementMap":{"0":{"start":{"line":1,"column":16},"end":{"line":1,"column":34}},"1":{"start":{"line":2,"column":15},"end":{"line":2,"column":31}},"2":{"start":{"line":10,"column":4},"end":{"line":10,"column":51}},"3":{"start":{"line":12,"column":37},"end":{"line":12,"column":76}},"4":{"start":{"line":15,"column":0},"end":{"line":15,"column":36}},"5":{"start":{"line":16,"column":0},"end":{"line":16,"column":39}},"6":{"start":{"line":19,"column":0},"end":{"line":19,"column":59}},"7":{"start":{"line":20,"column":0},"end":{"line":20,"column":64}},"8":{"start":{"line":21,"column":0},"end":{"line":21,"column":67}},"9":{"start":{"line":23,"column":0},"end":{"line":23,"column":24}}},"fnMap":{},"branchMap":{},"s":{"0":3,"1":3,"2":3,"3":3,"4":3,"5":3,"6":3,"7":3,"8":3,"9":3},"f":{},"b":{},"_coverageSchema":"1a1c01bbd47fc00a2c39e90264f33305004495a9","hash":"0c2777c9500764c17ed1e94a6569b6fdbe2d0e3a"}
,"C:\\Users\\NIkITHA\\Downloads\\tour-planner-complete-fixed_1\\tour-planner-complete-fixed\\backend\\routes\\hotelRoutes.js": {"path":"C:\\Users\\NIkITHA\\Downloads\\tour-planner-complete-fixed_1\\tour-planner-complete-fixed\\backend\\routes\\hotelRoutes.js","statementMap":{"0":{"start":{"line":1,"column":16},"end":{"line":1,"column":34}},"1":{"start":{"line":2,"column":15},"end":{"line":2,"column":31}},"2":{"start":{"line":11,"column":4},"end":{"line":11,"column":45}},"3":{"start":{"line":13,"column":37},"end":{"line":13,"column":76}},"4":{"start":{"line":16,"column":0},"end":{"line":16,"column":30}},"5":{"start":{"line":17,"column":0},"end":{"line":17,"column":66}},"6":{"start":{"line":18,"column":0},"end":{"line":18,"column":33}},"7":{"start":{"line":21,"column":0},"end":{"line":21,"column":53}},"8":{"start":{"line":22,"column":0},"end":{"line":22,"column":58}},"9":{"start":{"line":23,"column":0},"end":{"line":23,"column":61}},"10":{"start":{"line":25,"column":0},"end":{"line":25,"column":24}}},"fnMap":{},"branchMap":{},"s":{"0":3,"1":3,"2":3,"3":3,"4":3,"5":3,"6":3,"7":3,"8":3,"9":3,"10":3},"f":{},"b":{},"_coverageSchema":"1a1c01bbd47fc00a2c39e90264f33305004495a9","hash":"3d45bbaf22847da88f2e8f4952fac261ebc29bd1"}
,"C:\\Users\\NIkITHA\\Downloads\\tour-planner-complete-fixed_1\\tour-planner-complete-fixed\\backend\\routes\\itineraryRoutes.js": {"path":"C:\\Users\\NIkITHA\\Downloads\\tour-planner-complete-fixed_1\\tour-planner-complete-fixed\\backend\\routes\\itineraryRoutes.js","statementMap":{"0":{"start":{"line":1,"column":16},"end":{"line":1,"column":34}},"1":{"start":{"line":2,"column":15},"end":{"line":2,"column":31}},"2":{"start":{"line":9,"column":4},"end":{"line":9,"column":49}},"3":{"start":{"line":11,"column":24},"end":{"line":11,"column":63}},"4":{"start":{"line":13,"column":0},"end":{"line":13,"column":47}},"5":{"start":{"line":14,"column":0},"end":{"line":14,"column":61}},"6":{"start":{"line":15,"column":0},"end":{"line":15,"column":49}},"7":{"start":{"line":16,"column":0},"end":{"line":16,"column":52}},"8":{"start":{"line":18,"column":0},"end":{"line":18,"column":24}}},"fnMap":{},"branchMap":{},"s":{"0":3,"1":3,"2":3,"3":3,"4":3,"5":3,"6":3,"7":3,"8":3},"f":{},"b":{},"_coverageSchema":"1a1c01bbd47fc00a2c39e90264f33305004495a9","hash":"55d6eaadc032f48c2de9962b35412d8d74219166"}
,"C:\\Users\\NIkITHA\\Downloads\\tour-planner-complete-fixed_1\\tour-planner-complete-fixed\\backend\\routes\\tourRoutes.js": {"path":"C:\\Users\\NIkITHA\\Downloads\\tour-planner-complete-fixed_1\\tour-planner-complete-fixed\\backend\\routes\\tourRoutes.js","statementMap":{"0":{"start":{"line":1,"column":16},"end":{"line":1,"column":34}},"1":{"start":{"line":2,"column":15},"end":{"line":2,"column":31}},"2":{"start":{"line":10,"column":4},"end":{"line":10,"column":44}},"3":{"start":{"line":12,"column":24},"end":{"line":12,"column":63}},"4":{"start":{"line":14,"column":0},"end":{"line":14,"column":42}},"5":{"start":{"line":15,"column":0},"end":{"line":15,"column":41}},"6":{"start":{"line":16,"column":0},"end":{"line":16,"column":45}},"7":{"start":{"line":17,"column":0},"end":{"line":17,"column":44}},"8":{"start":{"line":18,"column":0},"end":{"line":18,"column":47}},"9":{"start":{"line":20,"column":0},"end":{"line":20,"column":24}}},"fnMap":{},"branchMap":{},"s":{"0":3,"1":3,"2":3,"3":3,"4":3,"5":3,"6":3,"7":3,"8":3,"9":3},"f":{},"b":{},"_coverageSchema":"1a1c01bbd47fc00a2c39e90264f33305004495a9","hash":"4b05048b65a3c533c4335d915fea9d7cba745070"}
,"C:\\Users\\NIkITHA\\Downloads\\tour-planner-complete-fixed_1\\tour-planner-complete-fixed\\backend\\routes\\transportRoutes.js": {"path":"C:\\Users\\NIkITHA\\Downloads\\tour-planner-complete-fixed_1\\tour-planner-complete-fixed\\backend\\routes\\transportRoutes.js","statementMap":{"0":{"start":{"line":1,"column":16},"end":{"line":1,"column":34}},"1":{"start":{"line":2,"column":15},"end":{"line":2,"column":31}},"2":{"start":{"line":12,"column":4},"end":{"line":12,"column":49}},"3":{"start":{"line":14,"column":37},"end":{"line":14,"column":76}},"4":{"start":{"line":17,"column":0},"end":{"line":17,"column":33}},"5":{"start":{"line":18,"column":0},"end":{"line":18,"column":67}},"6":{"start":{"line":19,"column":0},"end":{"line":19,"column":69}},"7":{"start":{"line":20,"column":0},"end":{"line":20,"column":37}},"8":{"start":{"line":23,"column":0},"end":{"line":23,"column":57}},"9":{"start":{"line":24,"column":0},"end":{"line":24,"column":62}},"10":{"start":{"line":25,"column":0},"end":{"line":25,"column":65}},"11":{"start":{"line":27,"column":0},"end":{"line":27,"column":24}}},"fnMap":{},"branchMap":{},"s":{"0":3,"1":3,"2":3,"3":3,"4":3,"5":3,"6":3,"7":3,"8":3,"9":3,"10":3,"11":3},"f":{},"b":{},"_coverageSchema":"1a1c01bbd47fc00a2c39e90264f33305004495a9","hash":"5484e20ace03293a1b57963595c6f8fe5a2c4bb5"}
}
